0 verbose cli /usr/local/bin/node /usr/local/bin/npm
1 info using npm@10.9.2
2 info using node@v22.14.0
3 silly config load:file:/usr/local/lib/node_modules/npm/npmrc
4 silly config load:file:/Users/marcoidrovo/Desktop/debt-planner/.npmrc
5 silly config load:file:/Users/marcoidrovo/.npmrc
6 silly config load:file:/usr/local/etc/npmrc
7 verbose title npm install
8 verbose argv "install" "--cache" ".npm-cache"
9 verbose logfile logs-max:10 dir:/Users/marcoidrovo/Desktop/debt-planner/.npm-cache/_logs/2026-02-01T05_36_08_720Z-
10 verbose logfile /Users/marcoidrovo/Desktop/debt-planner/.npm-cache/_logs/2026-02-01T05_36_08_720Z-debug-0.log
11 silly logfile done cleaning log files
12 silly packumentCache heap:2197815296 maxSize:549453824 maxEntrySize:274726912
13 silly idealTree buildDeps
14 silly reify moves {}
15 silly audit bulk request {
15 silly audit   '@capacitor/cli': [ '6.2.1' ],
15 silly audit   '@capacitor/core': [ '6.2.1' ],
15 silly audit   '@capacitor/ios': [ '6.1.0' ],
15 silly audit   '@ionic/cli-framework-output': [ '2.2.8' ],
15 silly audit   '@ionic/utils-array': [ '2.1.5' ],
15 silly audit   '@ionic/utils-fs': [ '3.1.7', '3.1.6' ],
15 silly audit   '@ionic/utils-object': [ '2.1.5' ],
15 silly audit   '@ionic/utils-process': [ '2.1.10' ],
15 silly audit   '@ionic/utils-terminal': [ '2.3.3', '2.3.5' ],
15 silly audit   '@ionic/utils-stream': [ '3.1.5' ],
15 silly audit   '@ionic/utils-subprocess': [ '2.1.11' ],
15 silly audit   '@types/fs-extra': [ '8.1.5' ],
15 silly audit   '@types/node': [ '25.1.0' ],
15 silly audit   '@types/slice-ansi': [ '4.0.0' ],
15 silly audit   '@xmldom/xmldom': [ '0.8.11' ],
15 silly audit   'ansi-regex': [ '5.0.1' ],
15 silly audit   'ansi-styles': [ '4.3.0' ],
15 silly audit   'astral-regex': [ '2.0.0' ],
15 silly audit   'at-least-node': [ '1.0.0' ],
15 silly audit   'balanced-match': [ '1.0.2' ],
15 silly audit   'base64-js': [ '1.5.1' ],
15 silly audit   'big-integer': [ '1.6.52' ],
15 silly audit   'bplist-parser': [ '0.3.2' ],
15 silly audit   'brace-expansion': [ '2.0.2' ],
15 silly audit   'buffer-crc32': [ '0.2.13' ],
15 silly audit   chownr: [ '2.0.0' ],
15 silly audit   'color-convert': [ '2.0.1' ],
15 silly audit   'color-name': [ '1.1.4' ],
15 silly audit   commander: [ '9.5.0' ],
15 silly audit   'cross-spawn': [ '7.0.6' ],
15 silly audit   debug: [ '4.4.3' ],
15 silly audit   'define-lazy-prop': [ '2.0.0' ],
15 silly audit   elementtree: [ '0.1.7' ],
15 silly audit   'emoji-regex': [ '8.0.0' ],
15 silly audit   'env-paths': [ '2.2.1' ],
15 silly audit   'fd-slicer': [ '1.1.0' ],
15 silly audit   'fs-extra': [ '9.1.0' ],
15 silly audit   'fs-minipass': [ '2.1.0' ],
15 silly audit   minipass: [ '3.3.6', '4.2.8', '7.1.2', '5.0.0' ],
15 silly audit   'fs.realpath': [ '1.0.0' ],
15 silly audit   glob: [ '9.3.5' ],
15 silly audit   'graceful-fs': [ '4.2.11' ],
15 silly audit   inherits: [ '2.0.4' ],
15 silly audit   ini: [ '4.1.3' ],
15 silly audit   'is-docker': [ '2.2.1' ],
15 silly audit   'is-fullwidth-code-point': [ '3.0.0' ],
15 silly audit   'is-wsl': [ '2.2.0' ],
15 silly audit   isexe: [ '2.0.0' ],
15 silly audit   jsonfile: [ '6.2.0' ],
15 silly audit   kleur: [ '4.1.5', '3.0.3' ],
15 silly audit   'lru-cache': [ '10.4.3' ],
15 silly audit   minimatch: [ '8.0.4' ],
15 silly audit   minizlib: [ '2.1.2' ],
15 silly audit   mkdirp: [ '1.0.4' ],
15 silly audit   ms: [ '2.1.3' ],
15 silly audit   'native-run': [ '2.0.3' ],
15 silly audit   open: [ '8.4.2' ],
15 silly audit   'path-key': [ '3.1.1' ],
15 silly audit   'path-scurry': [ '1.11.1' ],
15 silly audit   pend: [ '1.2.0' ],
15 silly audit   plist: [ '3.1.0' ],
15 silly audit   prompts: [ '2.4.2' ],
15 silly audit   'readable-stream': [ '3.6.2' ],
15 silly audit   rimraf: [ '4.4.1' ],
15 silly audit   'safe-buffer': [ '5.2.1' ],
15 silly audit   sax: [ '1.1.4' ],
15 silly audit   semver: [ '7.7.3' ],
15 silly audit   'shebang-command': [ '2.0.0' ],
15 silly audit   'shebang-regex': [ '3.0.0' ],
15 silly audit   'signal-exit': [ '3.0.7' ],
15 silly audit   sisteransi: [ '1.0.5' ],
15 silly audit   'slice-ansi': [ '4.0.0' ],
15 silly audit   split2: [ '4.2.0' ],
15 silly audit   string_decoder: [ '1.3.0' ],
15 silly audit   'string-width': [ '4.2.3' ],
15 silly audit   'strip-ansi': [ '6.0.1' ],
15 silly audit   tar: [ '6.2.1' ],
15 silly audit   through2: [ '4.0.2' ],
15 silly audit   'tree-kill': [ '1.2.2' ],
15 silly audit   tslib: [ '2.8.1' ],
15 silly audit   'undici-types': [ '7.16.0' ],
15 silly audit   universalify: [ '2.0.1' ],
15 silly audit   untildify: [ '4.0.0' ],
15 silly audit   'util-deprecate': [ '1.0.2' ],
15 silly audit   which: [ '2.0.2' ],
15 silly audit   'wrap-ansi': [ '7.0.0' ],
15 silly audit   xml2js: [ '0.5.0' ],
15 silly audit   xmlbuilder: [ '11.0.1', '15.1.1' ],
15 silly audit   yallist: [ '4.0.0' ],
15 silly audit   yauzl: [ '2.10.0' ]
15 silly audit }
16 http fetch POST 200 https://registry.npmjs.org/-/npm/v1/security/advisories/bulk 322ms
17 silly audit report {
17 silly audit report   tar: [
17 silly audit report     {
17 silly audit report       id: 1112255,
17 silly audit report       url: 'https://github.com/advisories/GHSA-8qq5-rm4j-mr97',
17 silly audit report       title: 'node-tar is Vulnerable to Arbitrary File Overwrite and Symlink Poisoning via Insufficient Path Sanitization',
17 silly audit report       severity: 'high',
17 silly audit report       vulnerable_versions: '<=7.5.2',
17 silly audit report       cwe: [Array],
17 silly audit report       cvss: [Object]
17 silly audit report     },
17 silly audit report     {
17 silly audit report       id: 1112329,
17 silly audit report       url: 'https://github.com/advisories/GHSA-r6q2-hw4h-h46w',
17 silly audit report       title: 'Race Condition in node-tar Path Reservations via Unicode Ligature Collisions on macOS APFS',
17 silly audit report       severity: 'high',
17 silly audit report       vulnerable_versions: '<=7.5.3',
17 silly audit report       cwe: [Array],
17 silly audit report       cvss: [Object]
17 silly audit report     },
17 silly audit report     {
17 silly audit report       id: 1112659,
17 silly audit report       url: 'https://github.com/advisories/GHSA-34x7-hfp2-rc4v',
17 silly audit report       title: 'node-tar Vulnerable to Arbitrary File Creation/Overwrite via Hardlink Path Traversal',
17 silly audit report       severity: 'high',
17 silly audit report       vulnerable_versions: '<7.5.7',
17 silly audit report       cwe: [Array],
17 silly audit report       cvss: [Object]
17 silly audit report     }
17 silly audit report   ]
17 silly audit report }
18 silly packumentCache corgi:https://registry.npmjs.org/tar cache-miss
19 http fetch GET 200 https://registry.npmjs.org/tar 58ms (cache revalidated)
20 silly packumentCache corgi:https://registry.npmjs.org/tar set size:193604 disposed:false
21 silly packumentCache corgi:https://registry.npmjs.org/@capacitor%2fcli cache-miss
22 http fetch GET 200 https://registry.npmjs.org/@capacitor%2fcli 78ms (cache revalidated)
23 silly packumentCache corgi:https://registry.npmjs.org/@capacitor%2fcli set size:2169921 disposed:false
24 verbose cwd /Users/marcoidrovo/Desktop/debt-planner
25 verbose os Darwin 25.2.0
26 verbose node v22.14.0
27 verbose npm  v10.9.2
28 verbose exit 0
29 info ok
