0 verbose cli /usr/local/bin/node /usr/local/bin/npm
1 info using npm@10.9.2
2 info using node@v22.14.0
3 silly config load:file:/usr/local/lib/node_modules/npm/npmrc
4 silly config load:file:/Users/marcoidrovo/Desktop/debt-planner/.npmrc
5 silly config load:file:/Users/marcoidrovo/.npmrc
6 silly config load:file:/usr/local/etc/npmrc
7 verbose title npm install @capacitor/ios@6.1.0
8 verbose argv "install" "@capacitor/ios@6.1.0" "--cache" ".npm-cache"
9 verbose logfile logs-max:10 dir:/Users/marcoidrovo/Desktop/debt-planner/.npm-cache/_logs/2026-01-30T16_20_40_023Z-
10 verbose logfile /Users/marcoidrovo/Desktop/debt-planner/.npm-cache/_logs/2026-01-30T16_20_40_023Z-debug-0.log
11 silly logfile done cleaning log files
12 silly packumentCache heap:2197815296 maxSize:549453824 maxEntrySize:274726912
13 silly idealTree buildDeps
14 silly fetch manifest @capacitor/ios@6.1.0
15 silly packumentCache full:https://registry.npmjs.org/@capacitor%2fios cache-miss
16 http cache https://registry.npmjs.org/@capacitor%2fios 17ms (cache hit)
17 silly packumentCache full:https://registry.npmjs.org/@capacitor%2fios set size:3046814 disposed:false
18 silly fetch manifest @capacitor/core@^6.1.0
19 silly packumentCache full:https://registry.npmjs.org/@capacitor%2fcore cache-miss
20 http cache https://registry.npmjs.org/@capacitor%2fcore 7ms (cache hit)
21 silly packumentCache full:https://registry.npmjs.org/@capacitor%2fcore set size:4056789 disposed:false
22 silly placeDep ROOT @capacitor/ios@6.1.0 OK for: paycheck-plan@1.0.0 want: 6.1.0
23 silly reify moves {}
24 silly audit bulk request {
24 silly audit   '@capacitor/cli': [ '6.2.1' ],
24 silly audit   '@capacitor/core': [ '6.2.1' ],
24 silly audit   '@ionic/cli-framework-output': [ '2.2.8' ],
24 silly audit   '@ionic/utils-array': [ '2.1.5' ],
24 silly audit   '@ionic/utils-fs': [ '3.1.7', '3.1.6' ],
24 silly audit   '@ionic/utils-object': [ '2.1.5' ],
24 silly audit   '@ionic/utils-process': [ '2.1.10' ],
24 silly audit   '@ionic/utils-terminal': [ '2.3.3', '2.3.5' ],
24 silly audit   '@ionic/utils-stream': [ '3.1.5' ],
24 silly audit   '@ionic/utils-subprocess': [ '2.1.11' ],
24 silly audit   '@types/fs-extra': [ '8.1.5' ],
24 silly audit   '@types/node': [ '25.1.0' ],
24 silly audit   '@types/slice-ansi': [ '4.0.0' ],
24 silly audit   '@xmldom/xmldom': [ '0.8.11' ],
24 silly audit   'ansi-regex': [ '5.0.1' ],
24 silly audit   'ansi-styles': [ '4.3.0' ],
24 silly audit   'astral-regex': [ '2.0.0' ],
24 silly audit   'at-least-node': [ '1.0.0' ],
24 silly audit   'balanced-match': [ '1.0.2' ],
24 silly audit   'base64-js': [ '1.5.1' ],
24 silly audit   'big-integer': [ '1.6.52' ],
24 silly audit   'bplist-parser': [ '0.3.2' ],
24 silly audit   'brace-expansion': [ '2.0.2' ],
24 silly audit   'buffer-crc32': [ '0.2.13' ],
24 silly audit   chownr: [ '2.0.0' ],
24 silly audit   'color-convert': [ '2.0.1' ],
24 silly audit   'color-name': [ '1.1.4' ],
24 silly audit   commander: [ '9.5.0' ],
24 silly audit   'cross-spawn': [ '7.0.6' ],
24 silly audit   debug: [ '4.4.3' ],
24 silly audit   'define-lazy-prop': [ '2.0.0' ],
24 silly audit   elementtree: [ '0.1.7' ],
24 silly audit   'emoji-regex': [ '8.0.0' ],
24 silly audit   'env-paths': [ '2.2.1' ],
24 silly audit   'fd-slicer': [ '1.1.0' ],
24 silly audit   'fs-extra': [ '9.1.0' ],
24 silly audit   'fs-minipass': [ '2.1.0' ],
24 silly audit   minipass: [ '3.3.6', '4.2.8', '7.1.2', '5.0.0' ],
24 silly audit   'fs.realpath': [ '1.0.0' ],
24 silly audit   glob: [ '9.3.5' ],
24 silly audit   'graceful-fs': [ '4.2.11' ],
24 silly audit   inherits: [ '2.0.4' ],
24 silly audit   ini: [ '4.1.3' ],
24 silly audit   'is-docker': [ '2.2.1' ],
24 silly audit   'is-fullwidth-code-point': [ '3.0.0' ],
24 silly audit   'is-wsl': [ '2.2.0' ],
24 silly audit   isexe: [ '2.0.0' ],
24 silly audit   jsonfile: [ '6.2.0' ],
24 silly audit   kleur: [ '4.1.5', '3.0.3' ],
24 silly audit   'lru-cache': [ '10.4.3' ],
24 silly audit   minimatch: [ '8.0.4' ],
24 silly audit   minizlib: [ '2.1.2' ],
24 silly audit   mkdirp: [ '1.0.4' ],
24 silly audit   ms: [ '2.1.3' ],
24 silly audit   'native-run': [ '2.0.3' ],
24 silly audit   open: [ '8.4.2' ],
24 silly audit   'path-key': [ '3.1.1' ],
24 silly audit   'path-scurry': [ '1.11.1' ],
24 silly audit   pend: [ '1.2.0' ],
24 silly audit   plist: [ '3.1.0' ],
24 silly audit   prompts: [ '2.4.2' ],
24 silly audit   'readable-stream': [ '3.6.2' ],
24 silly audit   rimraf: [ '4.4.1' ],
24 silly audit   'safe-buffer': [ '5.2.1' ],
24 silly audit   sax: [ '1.1.4' ],
24 silly audit   semver: [ '7.7.3' ],
24 silly audit   'shebang-command': [ '2.0.0' ],
24 silly audit   'shebang-regex': [ '3.0.0' ],
24 silly audit   'signal-exit': [ '3.0.7' ],
24 silly audit   sisteransi: [ '1.0.5' ],
24 silly audit   'slice-ansi': [ '4.0.0' ],
24 silly audit   split2: [ '4.2.0' ],
24 silly audit   string_decoder: [ '1.3.0' ],
24 silly audit   'string-width': [ '4.2.3' ],
24 silly audit   'strip-ansi': [ '6.0.1' ],
24 silly audit   tar: [ '6.2.1' ],
24 silly audit   through2: [ '4.0.2' ],
24 silly audit   'tree-kill': [ '1.2.2' ],
24 silly audit   tslib: [ '2.8.1' ],
24 silly audit   'undici-types': [ '7.16.0' ],
24 silly audit   universalify: [ '2.0.1' ],
24 silly audit   untildify: [ '4.0.0' ],
24 silly audit   'util-deprecate': [ '1.0.2' ],
24 silly audit   which: [ '2.0.2' ],
24 silly audit   'wrap-ansi': [ '7.0.0' ],
24 silly audit   xml2js: [ '0.5.0' ],
24 silly audit   xmlbuilder: [ '11.0.1', '15.1.1' ],
24 silly audit   yallist: [ '4.0.0' ],
24 silly audit   yauzl: [ '2.10.0' ],
24 silly audit   '@capacitor/ios': [ '6.1.0' ]
24 silly audit }
25 http cache @capacitor/ios@https://registry.npmjs.org/@capacitor/ios/-/ios-6.1.0.tgz 0ms (cache hit)
26 silly tarball no local data for @capacitor/ios@https://registry.npmjs.org/@capacitor/ios/-/ios-6.1.0.tgz. Extracting by manifest.
27 http fetch POST 200 https://registry.npmjs.org/-/npm/v1/security/advisories/bulk 207ms
28 silly audit report {
28 silly audit report   tar: [
28 silly audit report     {
28 silly audit report       id: 1112255,
28 silly audit report       url: 'https://github.com/advisories/GHSA-8qq5-rm4j-mr97',
28 silly audit report       title: 'node-tar is Vulnerable to Arbitrary File Overwrite and Symlink Poisoning via Insufficient Path Sanitization',
28 silly audit report       severity: 'high',
28 silly audit report       vulnerable_versions: '<=7.5.2',
28 silly audit report       cwe: [Array],
28 silly audit report       cvss: [Object]
28 silly audit report     },
28 silly audit report     {
28 silly audit report       id: 1112329,
28 silly audit report       url: 'https://github.com/advisories/GHSA-r6q2-hw4h-h46w',
28 silly audit report       title: 'Race Condition in node-tar Path Reservations via Unicode Ligature Collisions on macOS APFS',
28 silly audit report       severity: 'high',
28 silly audit report       vulnerable_versions: '<=7.5.3',
28 silly audit report       cwe: [Array],
28 silly audit report       cvss: [Object]
28 silly audit report     },
28 silly audit report     {
28 silly audit report       id: 1112659,
28 silly audit report       url: 'https://github.com/advisories/GHSA-34x7-hfp2-rc4v',
28 silly audit report       title: 'node-tar Vulnerable to Arbitrary File Creation/Overwrite via Hardlink Path Traversal',
28 silly audit report       severity: 'high',
28 silly audit report       vulnerable_versions: '<7.5.7',
28 silly audit report       cwe: [Array],
28 silly audit report       cvss: [Object]
28 silly audit report     }
28 silly audit report   ]
28 silly audit report }
29 silly packumentCache corgi:https://registry.npmjs.org/tar cache-miss
30 http cache https://registry.npmjs.org/tar 7ms (cache hit)
31 silly packumentCache corgi:https://registry.npmjs.org/tar set size:193604 disposed:false
32 silly packumentCache corgi:https://registry.npmjs.org/@capacitor%2fcli cache-miss
33 http cache https://registry.npmjs.org/@capacitor%2fcli 14ms (cache hit)
34 silly packumentCache corgi:https://registry.npmjs.org/@capacitor%2fcli set size:2169921 disposed:false
35 http fetch GET 200 https://registry.npmjs.org/@capacitor/ios/-/ios-6.1.0.tgz 250ms (cache miss)
36 silly ADD node_modules/@capacitor/ios
37 verbose cwd /Users/marcoidrovo/Desktop/debt-planner
38 verbose os Darwin 20.6.0
39 verbose node v22.14.0
40 verbose npm  v10.9.2
41 verbose exit 0
42 info ok
