0 verbose cli /usr/local/bin/node /usr/local/bin/npm
1 info using npm@10.9.2
2 info using node@v22.14.0
3 silly config load:file:/usr/local/lib/node_modules/npm/npmrc
4 silly config load:file:/Users/marcoidrovo/Desktop/debt-planner/.npmrc
5 silly config load:file:/Users/marcoidrovo/.npmrc
6 silly config load:file:/usr/local/etc/npmrc
7 verbose title npm install
8 verbose argv "install" "--cache" ".npm-cache"
9 verbose logfile logs-max:10 dir:/Users/marcoidrovo/Desktop/debt-planner/.npm-cache/_logs/2026-01-30T16_20_22_948Z-
10 verbose logfile /Users/marcoidrovo/Desktop/debt-planner/.npm-cache/_logs/2026-01-30T16_20_22_948Z-debug-0.log
11 silly logfile done cleaning log files
12 silly packumentCache heap:2197815296 maxSize:549453824 maxEntrySize:274726912
13 silly idealTree buildDeps
14 silly fetch manifest @capacitor/core@^6.1.0
15 silly packumentCache full:https://registry.npmjs.org/@capacitor%2fcore cache-miss
16 http fetch GET 200 https://registry.npmjs.org/npm 182ms
17 http fetch GET 200 https://registry.npmjs.org/@capacitor%2fcore 183ms (cache miss)
18 silly packumentCache full:https://registry.npmjs.org/@capacitor%2fcore set size:undefined disposed:false
19 silly fetch manifest @capacitor/cli@^6.1.0
20 silly packumentCache full:https://registry.npmjs.org/@capacitor%2fcli cache-miss
21 http fetch GET 200 https://registry.npmjs.org/@capacitor%2fcli 127ms (cache miss)
22 silly packumentCache full:https://registry.npmjs.org/@capacitor%2fcli set size:undefined disposed:false
23 silly placeDep ROOT @capacitor/cli@6.2.1 OK for: paycheck-plan@1.0.0 want: ^6.1.0
24 silly placeDep ROOT @capacitor/core@6.2.1 OK for: paycheck-plan@1.0.0 want: ^6.1.0
25 silly fetch manifest tar@^6.1.11
26 silly packumentCache full:https://registry.npmjs.org/tar cache-miss
27 silly fetch manifest open@^8.4.0
28 silly packumentCache full:https://registry.npmjs.org/open cache-miss
29 silly fetch manifest debug@^4.3.4
30 silly packumentCache full:https://registry.npmjs.org/debug cache-miss
31 silly fetch manifest kleur@^4.1.4
32 silly packumentCache full:https://registry.npmjs.org/kleur cache-miss
33 silly fetch manifest plist@^3.0.5
34 silly packumentCache full:https://registry.npmjs.org/plist cache-miss
35 silly fetch manifest tslib@^2.4.0
36 silly packumentCache full:https://registry.npmjs.org/tslib cache-miss
37 silly fetch manifest rimraf@^4.4.1
38 silly packumentCache full:https://registry.npmjs.org/rimraf cache-miss
39 http fetch GET 200 https://registry.npmjs.org/tar 39ms (cache miss)
40 silly packumentCache full:https://registry.npmjs.org/tar set size:undefined disposed:false
41 silly fetch manifest semver@^7.3.7
42 silly packumentCache full:https://registry.npmjs.org/semver cache-miss
43 http fetch GET 200 https://registry.npmjs.org/open 43ms (cache miss)
44 silly packumentCache full:https://registry.npmjs.org/open set size:undefined disposed:false
45 silly fetch manifest xml2js@^0.5.0
46 silly packumentCache full:https://registry.npmjs.org/xml2js cache-miss
47 http fetch GET 200 https://registry.npmjs.org/tslib 60ms (cache miss)
48 silly packumentCache full:https://registry.npmjs.org/tslib set size:undefined disposed:false
49 silly fetch manifest prompts@^2.4.2
50 silly packumentCache full:https://registry.npmjs.org/prompts cache-miss
51 http fetch GET 200 https://registry.npmjs.org/plist 67ms (cache miss)
52 silly packumentCache full:https://registry.npmjs.org/plist set size:undefined disposed:false
53 silly fetch manifest commander@^9.3.0
54 silly packumentCache full:https://registry.npmjs.org/commander cache-miss
55 http fetch GET 200 https://registry.npmjs.org/kleur 73ms (cache miss)
56 silly packumentCache full:https://registry.npmjs.org/kleur set size:undefined disposed:false
57 silly fetch manifest env-paths@^2.2.0
58 silly packumentCache full:https://registry.npmjs.org/env-paths cache-miss
59 http fetch GET 200 https://registry.npmjs.org/debug 77ms (cache miss)
60 silly packumentCache full:https://registry.npmjs.org/debug set size:undefined disposed:false
61 silly fetch manifest native-run@^2.0.0
62 silly packumentCache full:https://registry.npmjs.org/native-run cache-miss
63 http fetch GET 200 https://registry.npmjs.org/rimraf 78ms (cache miss)
64 silly packumentCache full:https://registry.npmjs.org/rimraf set size:undefined disposed:false
65 silly fetch manifest @ionic/utils-fs@^3.1.6
66 silly packumentCache full:https://registry.npmjs.org/@ionic%2futils-fs cache-miss
67 http fetch GET 200 https://registry.npmjs.org/semver 43ms (cache miss)
68 silly packumentCache full:https://registry.npmjs.org/semver set size:undefined disposed:false
69 silly fetch manifest @ionic/utils-terminal@^2.3.3
70 silly packumentCache full:https://registry.npmjs.org/@ionic%2futils-terminal cache-miss
71 http fetch GET 200 https://registry.npmjs.org/xml2js 49ms (cache miss)
72 silly packumentCache full:https://registry.npmjs.org/xml2js set size:undefined disposed:false
73 silly fetch manifest @ionic/utils-subprocess@2.1.11
74 silly packumentCache full:https://registry.npmjs.org/@ionic%2futils-subprocess cache-miss
75 http fetch GET 200 https://registry.npmjs.org/prompts 38ms (cache miss)
76 silly packumentCache full:https://registry.npmjs.org/prompts set size:undefined disposed:false
77 silly fetch manifest @ionic/cli-framework-output@^2.2.5
78 silly packumentCache full:https://registry.npmjs.org/@ionic%2fcli-framework-output cache-miss
79 http fetch GET 200 https://registry.npmjs.org/env-paths 30ms (cache miss)
80 silly packumentCache full:https://registry.npmjs.org/env-paths set size:undefined disposed:false
81 silly fetch manifest tslib@^2.1.0
82 silly packumentCache full:https://registry.npmjs.org/tslib cache-miss
83 http cache https://registry.npmjs.org/tslib 4ms (cache hit)
84 silly packumentCache full:https://registry.npmjs.org/tslib set size:108760 disposed:false
85 http fetch GET 200 https://registry.npmjs.org/commander 40ms (cache miss)
86 silly packumentCache full:https://registry.npmjs.org/commander set size:undefined disposed:false
87 http fetch GET 200 https://registry.npmjs.org/@ionic%2futils-fs 50ms (cache miss)
88 silly packumentCache full:https://registry.npmjs.org/@ionic%2futils-fs set size:undefined disposed:false
89 http fetch GET 200 https://registry.npmjs.org/native-run 72ms (cache miss)
90 silly packumentCache full:https://registry.npmjs.org/native-run set size:undefined disposed:false
91 http fetch GET 200 https://registry.npmjs.org/@ionic%2futils-terminal 67ms (cache miss)
92 silly packumentCache full:https://registry.npmjs.org/@ionic%2futils-terminal set size:undefined disposed:false
93 http fetch GET 200 https://registry.npmjs.org/@ionic%2fcli-framework-output 54ms (cache miss)
94 silly packumentCache full:https://registry.npmjs.org/@ionic%2fcli-framework-output set size:undefined disposed:false
95 http fetch GET 200 https://registry.npmjs.org/@ionic%2futils-subprocess 72ms (cache miss)
96 silly packumentCache full:https://registry.npmjs.org/@ionic%2futils-subprocess set size:undefined disposed:false
97 silly placeDep ROOT @ionic/cli-framework-output@2.2.8 OK for: @capacitor/cli@6.2.1 want: ^2.2.5
98 silly placeDep ROOT @ionic/utils-fs@3.1.7 OK for: @capacitor/cli@6.2.1 want: ^3.1.6
99 silly placeDep ROOT @ionic/utils-subprocess@2.1.11 OK for: @capacitor/cli@6.2.1 want: 2.1.11
100 silly placeDep ROOT @ionic/utils-terminal@2.3.5 OK for: @capacitor/cli@6.2.1 want: ^2.3.3
101 silly placeDep ROOT commander@9.5.0 OK for: @capacitor/cli@6.2.1 want: ^9.3.0
102 silly placeDep ROOT debug@4.4.3 OK for: @capacitor/cli@6.2.1 want: ^4.3.4
103 silly placeDep ROOT env-paths@2.2.1 OK for: @capacitor/cli@6.2.1 want: ^2.2.0
104 silly placeDep ROOT kleur@4.1.5 OK for: @capacitor/cli@6.2.1 want: ^4.1.4
105 silly placeDep ROOT native-run@2.0.3 OK for: @capacitor/cli@6.2.1 want: ^2.0.0
106 silly placeDep ROOT open@8.4.2 OK for: @capacitor/cli@6.2.1 want: ^8.4.0
107 silly placeDep ROOT plist@3.1.0 OK for: @capacitor/cli@6.2.1 want: ^3.0.5
108 silly placeDep ROOT prompts@2.4.2 OK for: @capacitor/cli@6.2.1 want: ^2.4.2
109 silly placeDep ROOT rimraf@4.4.1 OK for: @capacitor/cli@6.2.1 want: ^4.4.1
110 silly placeDep ROOT semver@7.7.3 OK for: @capacitor/cli@6.2.1 want: ^7.3.7
111 silly placeDep ROOT tar@6.2.1 OK for: @capacitor/cli@6.2.1 want: ^6.1.11
112 silly placeDep ROOT tslib@2.8.1 OK for: @capacitor/cli@6.2.1 want: ^2.4.0
113 silly placeDep ROOT xml2js@0.5.0 OK for: @capacitor/cli@6.2.1 want: ^0.5.0
114 silly fetch manifest @ionic/utils-terminal@2.3.5
115 silly packumentCache full:https://registry.npmjs.org/@ionic%2futils-terminal cache-miss
116 silly fetch manifest debug@^4.0.0
117 silly packumentCache full:https://registry.npmjs.org/debug cache-miss
118 silly fetch manifest tslib@^2.0.1
119 silly packumentCache full:https://registry.npmjs.org/tslib cache-hit
120 silly fetch manifest @types/fs-extra@^8.0.0
121 silly packumentCache full:https://registry.npmjs.org/@types%2ffs-extra cache-miss
122 silly fetch manifest debug@^4.0.0
123 silly packumentCache full:https://registry.npmjs.org/debug cache-miss
124 silly fetch manifest fs-extra@^9.0.0
125 silly packumentCache full:https://registry.npmjs.org/fs-extra cache-miss
126 silly fetch manifest tslib@^2.0.1
127 silly packumentCache full:https://registry.npmjs.org/tslib cache-hit
128 silly fetch manifest @ionic/utils-array@2.1.5
129 silly packumentCache full:https://registry.npmjs.org/@ionic%2futils-array cache-miss
130 silly fetch manifest @ionic/utils-fs@3.1.6
131 silly packumentCache full:https://registry.npmjs.org/@ionic%2futils-fs cache-miss
132 http cache https://registry.npmjs.org/@ionic%2futils-fs 4ms (cache hit)
133 silly packumentCache full:https://registry.npmjs.org/@ionic%2futils-fs set size:155283 disposed:false
134 silly fetch manifest @ionic/utils-process@2.1.10
135 silly packumentCache full:https://registry.npmjs.org/@ionic%2futils-process cache-miss
136 http cache https://registry.npmjs.org/@ionic%2futils-terminal 7ms (cache hit)
137 silly packumentCache full:https://registry.npmjs.org/@ionic%2futils-terminal set size:118057 disposed:false
138 silly fetch manifest @ionic/utils-stream@3.1.5
139 silly packumentCache full:https://registry.npmjs.org/@ionic%2futils-stream cache-miss
140 http cache https://registry.npmjs.org/debug 7ms (cache hit)
141 silly packumentCache full:https://registry.npmjs.org/debug set size:195840 disposed:false
142 silly fetch manifest @ionic/utils-terminal@2.3.3
143 silly packumentCache full:https://registry.npmjs.org/@ionic%2futils-terminal cache-hit
144 silly fetch manifest cross-spawn@^7.0.3
145 silly packumentCache full:https://registry.npmjs.org/cross-spawn cache-miss
146 http cache https://registry.npmjs.org/debug 9ms (cache hit)
147 silly packumentCache full:https://registry.npmjs.org/debug set size:195840 disposed:false
148 silly packumentCache full:https://registry.npmjs.org/debug dispose
149 silly fetch manifest @types/slice-ansi@^4.0.0
150 silly packumentCache full:https://registry.npmjs.org/@types%2fslice-ansi cache-miss
151 http fetch GET 200 https://registry.npmjs.org/cross-spawn 31ms (cache miss)
152 silly packumentCache full:https://registry.npmjs.org/cross-spawn set size:undefined disposed:false
153 silly fetch manifest signal-exit@^3.0.3
154 silly packumentCache full:https://registry.npmjs.org/signal-exit cache-miss
155 http fetch GET 200 https://registry.npmjs.org/fs-extra 44ms (cache miss)
156 silly packumentCache full:https://registry.npmjs.org/fs-extra set size:undefined disposed:false
157 silly fetch manifest slice-ansi@^4.0.0
158 silly packumentCache full:https://registry.npmjs.org/slice-ansi cache-miss
159 http fetch GET 200 https://registry.npmjs.org/@types%2ffs-extra 49ms (cache miss)
160 silly packumentCache full:https://registry.npmjs.org/@types%2ffs-extra set size:undefined disposed:false
161 silly fetch manifest string-width@^4.1.0
162 silly packumentCache full:https://registry.npmjs.org/string-width cache-miss
163 http fetch GET 200 https://registry.npmjs.org/@ionic%2futils-process 49ms (cache miss)
164 silly packumentCache full:https://registry.npmjs.org/@ionic%2futils-process set size:undefined disposed:false
165 silly fetch manifest strip-ansi@^6.0.0
166 silly packumentCache full:https://registry.npmjs.org/strip-ansi cache-miss
167 http fetch GET 200 https://registry.npmjs.org/@types%2fslice-ansi 58ms (cache miss)
168 silly packumentCache full:https://registry.npmjs.org/@types%2fslice-ansi set size:undefined disposed:false
169 silly fetch manifest untildify@^4.0.0
170 silly packumentCache full:https://registry.npmjs.org/untildify cache-miss
171 http fetch GET 200 https://registry.npmjs.org/@ionic%2futils-array 73ms (cache miss)
172 silly packumentCache full:https://registry.npmjs.org/@ionic%2futils-array set size:undefined disposed:false
173 silly fetch manifest wrap-ansi@^7.0.0
174 silly packumentCache full:https://registry.npmjs.org/wrap-ansi cache-miss
175 http fetch GET 200 https://registry.npmjs.org/@ionic%2futils-stream 72ms (cache miss)
176 silly packumentCache full:https://registry.npmjs.org/@ionic%2futils-stream set size:undefined disposed:false
177 silly fetch manifest ms@^2.1.3
178 silly packumentCache full:https://registry.npmjs.org/ms cache-miss
179 http fetch GET 200 https://registry.npmjs.org/signal-exit 46ms (cache miss)
180 silly packumentCache full:https://registry.npmjs.org/signal-exit set size:undefined disposed:false
181 silly fetch manifest bplist-parser@^0.3.2
182 silly packumentCache full:https://registry.npmjs.org/bplist-parser cache-miss
183 http fetch GET 200 https://registry.npmjs.org/slice-ansi 45ms (cache miss)
184 silly packumentCache full:https://registry.npmjs.org/slice-ansi set size:undefined disposed:false
185 silly fetch manifest elementtree@^0.1.7
186 silly packumentCache full:https://registry.npmjs.org/elementtree cache-miss
187 http fetch GET 200 https://registry.npmjs.org/strip-ansi 35ms (cache miss)
188 silly packumentCache full:https://registry.npmjs.org/strip-ansi set size:undefined disposed:false
189 silly fetch manifest ini@^4.1.1
190 silly packumentCache full:https://registry.npmjs.org/ini cache-miss
191 http fetch GET 200 https://registry.npmjs.org/string-width 42ms (cache miss)
192 silly packumentCache full:https://registry.npmjs.org/string-width set size:undefined disposed:false
193 silly fetch manifest plist@^3.1.0
194 silly packumentCache full:https://registry.npmjs.org/plist cache-miss
195 http cache https://registry.npmjs.org/plist 1ms (cache hit)
196 silly packumentCache full:https://registry.npmjs.org/plist set size:52877 disposed:false
197 silly fetch manifest split2@^4.2.0
198 silly packumentCache full:https://registry.npmjs.org/split2 cache-miss
199 http fetch GET 200 https://registry.npmjs.org/untildify 32ms (cache miss)
200 silly packumentCache full:https://registry.npmjs.org/untildify set size:undefined disposed:false
201 silly fetch manifest through2@^4.0.2
202 silly packumentCache full:https://registry.npmjs.org/through2 cache-miss
203 http fetch GET 200 https://registry.npmjs.org/wrap-ansi 33ms (cache miss)
204 silly packumentCache full:https://registry.npmjs.org/wrap-ansi set size:undefined disposed:false
205 silly fetch manifest tslib@^2.6.2
206 silly packumentCache full:https://registry.npmjs.org/tslib cache-hit
207 silly fetch manifest yauzl@^2.10.0
208 silly packumentCache full:https://registry.npmjs.org/yauzl cache-miss
209 http fetch GET 200 https://registry.npmjs.org/bplist-parser 25ms (cache miss)
210 silly packumentCache full:https://registry.npmjs.org/bplist-parser set size:undefined disposed:false
211 silly fetch manifest is-wsl@^2.2.0
212 silly packumentCache full:https://registry.npmjs.org/is-wsl cache-miss
213 http fetch GET 200 https://registry.npmjs.org/ms 38ms (cache miss)
214 silly packumentCache full:https://registry.npmjs.org/ms set size:undefined disposed:false
215 silly fetch manifest is-docker@^2.1.1
216 silly packumentCache full:https://registry.npmjs.org/is-docker cache-miss
217 http fetch GET 200 https://registry.npmjs.org/elementtree 44ms (cache miss)
218 silly packumentCache full:https://registry.npmjs.org/elementtree set size:undefined disposed:false
219 silly fetch manifest define-lazy-prop@^2.0.0
220 silly packumentCache full:https://registry.npmjs.org/define-lazy-prop cache-miss
221 http fetch GET 200 https://registry.npmjs.org/split2 42ms (cache miss)
222 silly packumentCache full:https://registry.npmjs.org/split2 set size:undefined disposed:false
223 silly fetch manifest @xmldom/xmldom@^0.8.8
224 silly packumentCache full:https://registry.npmjs.org/@xmldom%2fxmldom cache-miss
225 http fetch GET 200 https://registry.npmjs.org/ini 46ms (cache miss)
226 silly packumentCache full:https://registry.npmjs.org/ini set size:undefined disposed:false
227 silly fetch manifest base64-js@^1.5.1
228 silly packumentCache full:https://registry.npmjs.org/base64-js cache-miss
229 http fetch GET 200 https://registry.npmjs.org/is-wsl 29ms (cache miss)
230 silly packumentCache full:https://registry.npmjs.org/is-wsl set size:undefined disposed:false
231 silly fetch manifest xmlbuilder@^15.1.1
232 silly packumentCache full:https://registry.npmjs.org/xmlbuilder cache-miss
233 http fetch GET 200 https://registry.npmjs.org/through2 42ms (cache miss)
234 silly packumentCache full:https://registry.npmjs.org/through2 set size:undefined disposed:false
235 silly fetch manifest kleur@^3.0.3
236 silly packumentCache full:https://registry.npmjs.org/kleur cache-miss
237 http cache https://registry.npmjs.org/kleur 1ms (cache hit)
238 silly packumentCache full:https://registry.npmjs.org/kleur set size:61853 disposed:false
239 silly fetch manifest sisteransi@^1.0.5
240 silly packumentCache full:https://registry.npmjs.org/sisteransi cache-miss
241 http fetch GET 200 https://registry.npmjs.org/is-docker 37ms (cache miss)
242 silly packumentCache full:https://registry.npmjs.org/is-docker set size:undefined disposed:false
243 silly fetch manifest glob@^9.2.0
244 silly packumentCache full:https://registry.npmjs.org/glob cache-miss
245 http fetch GET 200 https://registry.npmjs.org/yauzl 50ms (cache miss)
246 silly packumentCache full:https://registry.npmjs.org/yauzl set size:undefined disposed:false
247 silly fetch manifest chownr@^2.0.0
248 silly packumentCache full:https://registry.npmjs.org/chownr cache-miss
249 http fetch GET 200 https://registry.npmjs.org/define-lazy-prop 38ms (cache miss)
250 silly packumentCache full:https://registry.npmjs.org/define-lazy-prop set size:undefined disposed:false
251 silly fetch manifest mkdirp@^1.0.3
252 silly packumentCache full:https://registry.npmjs.org/mkdirp cache-miss
253 http fetch GET 200 https://registry.npmjs.org/xmlbuilder 33ms (cache miss)
254 silly packumentCache full:https://registry.npmjs.org/xmlbuilder set size:undefined disposed:false
255 silly fetch manifest yallist@^4.0.0
256 silly packumentCache full:https://registry.npmjs.org/yallist cache-miss
257 http fetch GET 200 https://registry.npmjs.org/sisteransi 33ms (cache miss)
258 silly packumentCache full:https://registry.npmjs.org/sisteransi set size:undefined disposed:false
259 silly fetch manifest minipass@^5.0.0
260 silly packumentCache full:https://registry.npmjs.org/minipass cache-miss
261 http fetch GET 200 https://registry.npmjs.org/base64-js 55ms (cache miss)
262 silly packumentCache full:https://registry.npmjs.org/base64-js set size:undefined disposed:false
263 silly fetch manifest minizlib@^2.1.1
264 silly packumentCache full:https://registry.npmjs.org/minizlib cache-miss
265 http fetch GET 200 https://registry.npmjs.org/chownr 35ms (cache miss)
266 silly packumentCache full:https://registry.npmjs.org/chownr set size:undefined disposed:false
267 silly fetch manifest fs-minipass@^2.0.0
268 silly packumentCache full:https://registry.npmjs.org/fs-minipass cache-miss
269 http fetch GET 200 https://registry.npmjs.org/@xmldom%2fxmldom 57ms (cache miss)
270 silly packumentCache full:https://registry.npmjs.org/@xmldom%2fxmldom set size:undefined disposed:false
271 silly fetch manifest sax@>=0.6.0
272 silly packumentCache full:https://registry.npmjs.org/sax cache-miss
273 http fetch GET 200 https://registry.npmjs.org/yallist 30ms (cache miss)
274 silly packumentCache full:https://registry.npmjs.org/yallist set size:undefined disposed:false
275 silly fetch manifest xmlbuilder@~11.0.0
276 silly packumentCache full:https://registry.npmjs.org/xmlbuilder cache-miss
277 http cache https://registry.npmjs.org/xmlbuilder 1ms (cache hit)
278 silly packumentCache full:https://registry.npmjs.org/xmlbuilder set size:158707 disposed:false
279 http fetch GET 200 https://registry.npmjs.org/glob 59ms (cache miss)
280 silly packumentCache full:https://registry.npmjs.org/glob set size:undefined disposed:false
281 http fetch GET 200 https://registry.npmjs.org/mkdirp 44ms (cache miss)
282 silly packumentCache full:https://registry.npmjs.org/mkdirp set size:undefined disposed:false
283 http fetch GET 200 https://registry.npmjs.org/minizlib 32ms (cache miss)
284 silly packumentCache full:https://registry.npmjs.org/minizlib set size:undefined disposed:false
285 http fetch GET 200 https://registry.npmjs.org/sax 38ms (cache miss)
286 silly packumentCache full:https://registry.npmjs.org/sax set size:undefined disposed:false
287 http fetch GET 200 https://registry.npmjs.org/fs-minipass 39ms (cache miss)
288 silly packumentCache full:https://registry.npmjs.org/fs-minipass set size:undefined disposed:false
289 http fetch GET 200 https://registry.npmjs.org/minipass 61ms (cache miss)
290 silly packumentCache full:https://registry.npmjs.org/minipass set size:undefined disposed:false
291 silly placeDep ROOT @types/fs-extra@8.1.5 OK for: @ionic/utils-fs@3.1.7 want: ^8.0.0
292 silly placeDep ROOT fs-extra@9.1.0 OK for: @ionic/utils-fs@3.1.7 want: ^9.0.0
293 silly fetch manifest @types/node@*
294 silly packumentCache full:https://registry.npmjs.org/@types%2fnode cache-miss
295 silly fetch manifest jsonfile@^6.0.1
296 silly packumentCache full:https://registry.npmjs.org/jsonfile cache-miss
297 silly fetch manifest graceful-fs@^4.2.0
298 silly packumentCache full:https://registry.npmjs.org/graceful-fs cache-miss
299 silly fetch manifest universalify@^2.0.0
300 silly packumentCache full:https://registry.npmjs.org/universalify cache-miss
301 silly fetch manifest at-least-node@^1.0.0
302 silly packumentCache full:https://registry.npmjs.org/at-least-node cache-miss
303 http fetch GET 200 https://registry.npmjs.org/universalify 30ms (cache miss)
304 silly packumentCache full:https://registry.npmjs.org/universalify set size:undefined disposed:false
305 http fetch GET 200 https://registry.npmjs.org/graceful-fs 51ms (cache miss)
306 silly packumentCache full:https://registry.npmjs.org/graceful-fs set size:undefined disposed:false
307 http fetch GET 200 https://registry.npmjs.org/at-least-node 53ms (cache miss)
308 silly packumentCache full:https://registry.npmjs.org/at-least-node set size:undefined disposed:false
309 http fetch GET 200 https://registry.npmjs.org/jsonfile 53ms (cache miss)
310 silly packumentCache full:https://registry.npmjs.org/jsonfile set size:undefined disposed:false
311 http fetch GET 200 https://registry.npmjs.org/@types%2fnode 245ms (cache miss)
312 silly packumentCache full:https://registry.npmjs.org/@types%2fnode set size:undefined disposed:false
313 silly placeDep ROOT @ionic/utils-array@2.1.5 OK for: @ionic/utils-subprocess@2.1.11 want: 2.1.5
314 silly placeDep node_modules/@ionic/utils-subprocess @ionic/utils-fs@3.1.6 OK for: @ionic/utils-subprocess@2.1.11 want: 3.1.6
315 silly placeDep ROOT @ionic/utils-process@2.1.10 OK for: @ionic/utils-subprocess@2.1.11 want: 2.1.10
316 silly placeDep ROOT @ionic/utils-stream@3.1.5 OK for: @ionic/utils-subprocess@2.1.11 want: 3.1.5
317 silly placeDep node_modules/@ionic/utils-subprocess @ionic/utils-terminal@2.3.3 OK for: @ionic/utils-subprocess@2.1.11 want: 2.3.3
318 silly placeDep ROOT cross-spawn@7.0.6 OK for: @ionic/utils-subprocess@2.1.11 want: ^7.0.3
319 silly fetch manifest @ionic/utils-object@2.1.5
320 silly packumentCache full:https://registry.npmjs.org/@ionic%2futils-object cache-miss
321 silly fetch manifest tree-kill@^1.2.2
322 silly packumentCache full:https://registry.npmjs.org/tree-kill cache-miss
323 silly fetch manifest which@^2.0.1
324 silly packumentCache full:https://registry.npmjs.org/which cache-miss
325 silly fetch manifest path-key@^3.1.0
326 silly packumentCache full:https://registry.npmjs.org/path-key cache-miss
327 silly fetch manifest shebang-command@^2.0.0
328 silly packumentCache full:https://registry.npmjs.org/shebang-command cache-miss
329 http fetch GET 200 https://registry.npmjs.org/tree-kill 35ms (cache miss)
330 silly packumentCache full:https://registry.npmjs.org/tree-kill set size:undefined disposed:false
331 http fetch GET 200 https://registry.npmjs.org/path-key 40ms (cache miss)
332 silly packumentCache full:https://registry.npmjs.org/path-key set size:undefined disposed:false
333 http fetch GET 200 https://registry.npmjs.org/shebang-command 40ms (cache miss)
334 silly packumentCache full:https://registry.npmjs.org/shebang-command set size:undefined disposed:false
335 http fetch GET 200 https://registry.npmjs.org/@ionic%2futils-object 42ms (cache miss)
336 silly packumentCache full:https://registry.npmjs.org/@ionic%2futils-object set size:undefined disposed:false
337 http fetch GET 200 https://registry.npmjs.org/which 43ms (cache miss)
338 silly packumentCache full:https://registry.npmjs.org/which set size:undefined disposed:false
339 silly placeDep ROOT @ionic/utils-object@2.1.5 OK for: @ionic/utils-process@2.1.10 want: 2.1.5
340 silly placeDep node_modules/@ionic/utils-process @ionic/utils-terminal@2.3.3 OK for: @ionic/utils-process@2.1.10 want: 2.3.3
341 silly placeDep ROOT signal-exit@3.0.7 OK for: @ionic/utils-process@2.1.10 want: ^3.0.3
342 silly placeDep ROOT tree-kill@1.2.2 OK for: @ionic/utils-process@2.1.10 want: ^1.2.2
343 silly placeDep ROOT @types/slice-ansi@4.0.0 OK for: @ionic/utils-terminal@2.3.5 want: ^4.0.0
344 silly placeDep ROOT slice-ansi@4.0.0 OK for: @ionic/utils-terminal@2.3.5 want: ^4.0.0
345 silly placeDep ROOT string-width@4.2.3 OK for: @ionic/utils-terminal@2.3.5 want: ^4.1.0
346 silly placeDep ROOT strip-ansi@6.0.1 OK for: @ionic/utils-terminal@2.3.5 want: ^6.0.0
347 silly placeDep ROOT untildify@4.0.0 OK for: @ionic/utils-terminal@2.3.5 want: ^4.0.0
348 silly placeDep ROOT wrap-ansi@7.0.0 OK for: @ionic/utils-terminal@2.3.5 want: ^7.0.0
349 silly fetch manifest ansi-styles@^4.0.0
350 silly packumentCache full:https://registry.npmjs.org/ansi-styles cache-miss
351 silly fetch manifest astral-regex@^2.0.0
352 silly packumentCache full:https://registry.npmjs.org/astral-regex cache-miss
353 silly fetch manifest is-fullwidth-code-point@^3.0.0
354 silly packumentCache full:https://registry.npmjs.org/is-fullwidth-code-point cache-miss
355 silly fetch manifest strip-ansi@^6.0.1
356 silly packumentCache full:https://registry.npmjs.org/strip-ansi cache-miss
357 silly fetch manifest emoji-regex@^8.0.0
358 silly packumentCache full:https://registry.npmjs.org/emoji-regex cache-miss
359 silly fetch manifest is-fullwidth-code-point@^3.0.0
360 silly packumentCache full:https://registry.npmjs.org/is-fullwidth-code-point cache-miss
361 silly fetch manifest ansi-regex@^5.0.1
362 silly packumentCache full:https://registry.npmjs.org/ansi-regex cache-miss
363 http cache https://registry.npmjs.org/strip-ansi 3ms (cache hit)
364 silly packumentCache full:https://registry.npmjs.org/strip-ansi set size:41855 disposed:false
365 silly fetch manifest ansi-styles@^4.0.0
366 silly packumentCache full:https://registry.npmjs.org/ansi-styles cache-miss
367 http fetch GET 200 https://registry.npmjs.org/is-fullwidth-code-point 32ms (cache miss)
368 silly packumentCache full:https://registry.npmjs.org/is-fullwidth-code-point set size:undefined disposed:false
369 http fetch GET 200 https://registry.npmjs.org/ansi-styles 35ms (cache miss)
370 silly packumentCache full:https://registry.npmjs.org/ansi-styles set size:undefined disposed:false
371 http fetch GET 200 https://registry.npmjs.org/ansi-styles 30ms (cache miss)
372 silly packumentCache full:https://registry.npmjs.org/ansi-styles set size:undefined disposed:false
373 http fetch GET 200 https://registry.npmjs.org/is-fullwidth-code-point 44ms (cache miss)
374 silly packumentCache full:https://registry.npmjs.org/is-fullwidth-code-point set size:undefined disposed:false
375 http fetch GET 200 https://registry.npmjs.org/emoji-regex 47ms (cache miss)
376 silly packumentCache full:https://registry.npmjs.org/emoji-regex set size:undefined disposed:false
377 http fetch GET 200 https://registry.npmjs.org/astral-regex 49ms (cache miss)
378 silly packumentCache full:https://registry.npmjs.org/astral-regex set size:undefined disposed:false
379 http fetch GET 200 https://registry.npmjs.org/ansi-regex 90ms (cache miss)
380 silly packumentCache full:https://registry.npmjs.org/ansi-regex set size:undefined disposed:false
381 silly placeDep ROOT @types/node@25.1.0 OK for: @types/fs-extra@8.1.5 want: *
382 silly fetch manifest undici-types@~7.16.0
383 silly packumentCache full:https://registry.npmjs.org/undici-types cache-miss
384 http fetch GET 200 https://registry.npmjs.org/undici-types 33ms (cache miss)
385 silly packumentCache full:https://registry.npmjs.org/undici-types set size:undefined disposed:false
386 silly placeDep ROOT undici-types@7.16.0 OK for: @types/node@25.1.0 want: ~7.16.0
387 silly placeDep ROOT path-key@3.1.1 OK for: cross-spawn@7.0.6 want: ^3.1.0
388 silly placeDep ROOT shebang-command@2.0.0 OK for: cross-spawn@7.0.6 want: ^2.0.0
389 silly placeDep ROOT which@2.0.2 OK for: cross-spawn@7.0.6 want: ^2.0.1
390 silly fetch manifest shebang-regex@^3.0.0
391 silly packumentCache full:https://registry.npmjs.org/shebang-regex cache-miss
392 silly fetch manifest isexe@^2.0.0
393 silly packumentCache full:https://registry.npmjs.org/isexe cache-miss
394 http fetch GET 200 https://registry.npmjs.org/isexe 27ms (cache miss)
395 silly packumentCache full:https://registry.npmjs.org/isexe set size:undefined disposed:false
396 http fetch GET 200 https://registry.npmjs.org/shebang-regex 32ms (cache miss)
397 silly packumentCache full:https://registry.npmjs.org/shebang-regex set size:undefined disposed:false
398 silly placeDep ROOT ms@2.1.3 OK for: debug@4.4.3 want: ^2.1.3
399 silly placeDep ROOT at-least-node@1.0.0 OK for: fs-extra@9.1.0 want: ^1.0.0
400 silly placeDep ROOT graceful-fs@4.2.11 OK for: fs-extra@9.1.0 want: ^4.2.0
401 silly placeDep ROOT jsonfile@6.2.0 OK for: fs-extra@9.1.0 want: ^6.0.1
402 silly placeDep ROOT universalify@2.0.1 OK for: fs-extra@9.1.0 want: ^2.0.0
403 silly placeDep ROOT bplist-parser@0.3.2 OK for: native-run@2.0.3 want: ^0.3.2
404 silly placeDep ROOT elementtree@0.1.7 OK for: native-run@2.0.3 want: ^0.1.7
405 silly placeDep ROOT ini@4.1.3 OK for: native-run@2.0.3 want: ^4.1.1
406 silly placeDep ROOT split2@4.2.0 OK for: native-run@2.0.3 want: ^4.2.0
407 silly placeDep ROOT through2@4.0.2 OK for: native-run@2.0.3 want: ^4.0.2
408 silly placeDep ROOT yauzl@2.10.0 OK for: native-run@2.0.3 want: ^2.10.0
409 silly fetch manifest big-integer@1.6.x
410 silly packumentCache full:https://registry.npmjs.org/big-integer cache-miss
411 silly fetch manifest sax@1.1.4
412 silly packumentCache full:https://registry.npmjs.org/sax cache-miss
413 silly fetch manifest readable-stream@3
414 silly packumentCache full:https://registry.npmjs.org/readable-stream cache-miss
415 silly fetch manifest fd-slicer@~1.1.0
416 silly packumentCache full:https://registry.npmjs.org/fd-slicer cache-miss
417 silly fetch manifest buffer-crc32@~0.2.3
418 silly packumentCache full:https://registry.npmjs.org/buffer-crc32 cache-miss
419 http cache https://registry.npmjs.org/sax 7ms (cache hit)
420 silly packumentCache full:https://registry.npmjs.org/sax set size:87969 disposed:false
421 http fetch GET 200 https://registry.npmjs.org/readable-stream 47ms (cache miss)
422 silly packumentCache full:https://registry.npmjs.org/readable-stream set size:undefined disposed:false
423 http fetch GET 200 https://registry.npmjs.org/buffer-crc32 54ms (cache miss)
424 silly packumentCache full:https://registry.npmjs.org/buffer-crc32 set size:undefined disposed:false
425 http fetch GET 200 https://registry.npmjs.org/big-integer 55ms (cache miss)
426 silly packumentCache full:https://registry.npmjs.org/big-integer set size:undefined disposed:false
427 http fetch GET 200 https://registry.npmjs.org/fd-slicer 104ms (cache miss)
428 silly packumentCache full:https://registry.npmjs.org/fd-slicer set size:undefined disposed:false
429 silly placeDep ROOT big-integer@1.6.52 OK for: bplist-parser@0.3.2 want: 1.6.x
430 silly placeDep ROOT sax@1.1.4 OK for: elementtree@0.1.7 want: 1.1.4
431 silly placeDep ROOT define-lazy-prop@2.0.0 OK for: open@8.4.2 want: ^2.0.0
432 silly placeDep ROOT is-docker@2.2.1 OK for: open@8.4.2 want: ^2.1.1
433 silly placeDep ROOT is-wsl@2.2.0 OK for: open@8.4.2 want: ^2.2.0
434 silly placeDep ROOT @xmldom/xmldom@0.8.11 OK for: plist@3.1.0 want: ^0.8.8
435 silly placeDep ROOT base64-js@1.5.1 OK for: plist@3.1.0 want: ^1.5.1
436 silly placeDep ROOT xmlbuilder@15.1.1 OK for: plist@3.1.0 want: ^15.1.1
437 silly placeDep node_modules/prompts kleur@3.0.3 OK for: prompts@2.4.2 want: ^3.0.3
438 silly placeDep ROOT sisteransi@1.0.5 OK for: prompts@2.4.2 want: ^1.0.5
439 silly placeDep ROOT glob@9.3.5 OK for: rimraf@4.4.1 want: ^9.2.0
440 silly fetch manifest minipass@^4.2.4
441 silly packumentCache full:https://registry.npmjs.org/minipass cache-miss
442 silly fetch manifest minimatch@^8.0.2
443 silly packumentCache full:https://registry.npmjs.org/minimatch cache-miss
444 silly fetch manifest fs.realpath@^1.0.0
445 silly packumentCache full:https://registry.npmjs.org/fs.realpath cache-miss
446 silly fetch manifest path-scurry@^1.6.1
447 silly packumentCache full:https://registry.npmjs.org/path-scurry cache-miss
448 http cache https://registry.npmjs.org/minipass 3ms (cache hit)
449 silly packumentCache full:https://registry.npmjs.org/minipass set size:490195 disposed:false
450 http fetch GET 200 https://registry.npmjs.org/minimatch 32ms (cache miss)
451 silly packumentCache full:https://registry.npmjs.org/minimatch set size:undefined disposed:false
452 http fetch GET 200 https://registry.npmjs.org/path-scurry 37ms (cache miss)
453 silly packumentCache full:https://registry.npmjs.org/path-scurry set size:undefined disposed:false
454 http fetch GET 200 https://registry.npmjs.org/fs.realpath 38ms (cache miss)
455 silly packumentCache full:https://registry.npmjs.org/fs.realpath set size:undefined disposed:false
456 silly placeDep ROOT fs.realpath@1.0.0 OK for: glob@9.3.5 want: ^1.0.0
457 silly placeDep ROOT minimatch@8.0.4 OK for: glob@9.3.5 want: ^8.0.2
458 silly placeDep ROOT minipass@4.2.8 OK for: glob@9.3.5 want: ^4.2.4
459 silly placeDep ROOT path-scurry@1.11.1 OK for: glob@9.3.5 want: ^1.6.1
460 silly fetch manifest brace-expansion@^2.0.1
461 silly packumentCache full:https://registry.npmjs.org/brace-expansion cache-miss
462 silly fetch manifest minipass@^5.0.0 || ^6.0.2 || ^7.0.0
463 silly packumentCache full:https://registry.npmjs.org/minipass cache-hit
464 silly fetch manifest lru-cache@^10.2.0
465 silly packumentCache full:https://registry.npmjs.org/lru-cache cache-miss
466 http fetch GET 200 https://registry.npmjs.org/brace-expansion 32ms (cache miss)
467 silly packumentCache full:https://registry.npmjs.org/brace-expansion set size:undefined disposed:false
468 http fetch GET 200 https://registry.npmjs.org/lru-cache 61ms (cache miss)
469 silly packumentCache full:https://registry.npmjs.org/lru-cache set size:undefined disposed:false
470 silly placeDep ROOT brace-expansion@2.0.2 OK for: minimatch@8.0.4 want: ^2.0.1
471 silly fetch manifest balanced-match@^1.0.0
472 silly packumentCache full:https://registry.npmjs.org/balanced-match cache-miss
473 http fetch GET 200 https://registry.npmjs.org/balanced-match 36ms (cache miss)
474 silly packumentCache full:https://registry.npmjs.org/balanced-match set size:undefined disposed:false
475 silly placeDep ROOT balanced-match@1.0.2 OK for: brace-expansion@2.0.2 want: ^1.0.0
476 silly placeDep ROOT lru-cache@10.4.3 OK for: path-scurry@1.11.1 want: ^10.2.0
477 silly placeDep node_modules/path-scurry minipass@7.1.2 OK for: path-scurry@1.11.1 want: ^5.0.0 || ^6.0.2 || ^7.0.0
478 silly placeDep ROOT shebang-regex@3.0.0 OK for: shebang-command@2.0.0 want: ^3.0.0
479 silly placeDep ROOT ansi-styles@4.3.0 OK for: slice-ansi@4.0.0 want: ^4.0.0
480 silly placeDep ROOT astral-regex@2.0.0 OK for: slice-ansi@4.0.0 want: ^2.0.0
481 silly placeDep ROOT is-fullwidth-code-point@3.0.0 OK for: slice-ansi@4.0.0 want: ^3.0.0
482 silly fetch manifest color-convert@^2.0.1
483 silly packumentCache full:https://registry.npmjs.org/color-convert cache-miss
484 http fetch GET 200 https://registry.npmjs.org/color-convert 32ms (cache miss)
485 silly packumentCache full:https://registry.npmjs.org/color-convert set size:undefined disposed:false
486 silly placeDep ROOT color-convert@2.0.1 OK for: ansi-styles@4.3.0 want: ^2.0.1
487 silly fetch manifest color-name@~1.1.4
488 silly packumentCache full:https://registry.npmjs.org/color-name cache-miss
489 http fetch GET 200 https://registry.npmjs.org/color-name 32ms (cache miss)
490 silly packumentCache full:https://registry.npmjs.org/color-name set size:undefined disposed:false
491 silly placeDep ROOT color-name@1.1.4 OK for: color-convert@2.0.1 want: ~1.1.4
492 silly placeDep ROOT emoji-regex@8.0.0 OK for: string-width@4.2.3 want: ^8.0.0
493 silly placeDep ROOT ansi-regex@5.0.1 OK for: strip-ansi@6.0.1 want: ^5.0.1
494 silly placeDep ROOT chownr@2.0.0 OK for: tar@6.2.1 want: ^2.0.0
495 silly placeDep ROOT fs-minipass@2.1.0 OK for: tar@6.2.1 want: ^2.0.0
496 silly placeDep node_modules/tar minipass@5.0.0 OK for: tar@6.2.1 want: ^5.0.0
497 silly placeDep ROOT minizlib@2.1.2 OK for: tar@6.2.1 want: ^2.1.1
498 silly placeDep ROOT mkdirp@1.0.4 OK for: tar@6.2.1 want: ^1.0.3
499 silly placeDep ROOT yallist@4.0.0 OK for: tar@6.2.1 want: ^4.0.0
500 silly fetch manifest minipass@^3.0.0
501 silly packumentCache full:https://registry.npmjs.org/minipass cache-hit
502 silly fetch manifest minipass@^3.0.0
503 silly packumentCache full:https://registry.npmjs.org/minipass cache-hit
504 silly placeDep node_modules/fs-minipass minipass@3.3.6 OK for: fs-minipass@2.1.0 want: ^3.0.0
505 silly placeDep node_modules/minizlib minipass@3.3.6 OK for: minizlib@2.1.2 want: ^3.0.0
506 silly placeDep ROOT readable-stream@3.6.2 OK for: through2@4.0.2 want: 3
507 silly fetch manifest inherits@^2.0.3
508 silly packumentCache full:https://registry.npmjs.org/inherits cache-miss
509 silly fetch manifest string_decoder@^1.1.1
510 silly packumentCache full:https://registry.npmjs.org/string_decoder cache-miss
511 silly fetch manifest util-deprecate@^1.0.1
512 silly packumentCache full:https://registry.npmjs.org/util-deprecate cache-miss
513 http fetch GET 200 https://registry.npmjs.org/util-deprecate 37ms (cache miss)
514 silly packumentCache full:https://registry.npmjs.org/util-deprecate set size:undefined disposed:false
515 http fetch GET 200 https://registry.npmjs.org/inherits 41ms (cache miss)
516 silly packumentCache full:https://registry.npmjs.org/inherits set size:undefined disposed:false
517 http fetch GET 200 https://registry.npmjs.org/string_decoder 50ms (cache miss)
518 silly packumentCache full:https://registry.npmjs.org/string_decoder set size:undefined disposed:false
519 silly placeDep ROOT inherits@2.0.4 OK for: readable-stream@3.6.2 want: ^2.0.3
520 silly placeDep ROOT string_decoder@1.3.0 OK for: readable-stream@3.6.2 want: ^1.1.1
521 silly placeDep ROOT util-deprecate@1.0.2 OK for: readable-stream@3.6.2 want: ^1.0.1
522 silly fetch manifest safe-buffer@~5.2.0
523 silly packumentCache full:https://registry.npmjs.org/safe-buffer cache-miss
524 http fetch GET 200 https://registry.npmjs.org/safe-buffer 38ms (cache miss)
525 silly packumentCache full:https://registry.npmjs.org/safe-buffer set size:undefined disposed:false
526 silly placeDep ROOT safe-buffer@5.2.1 OK for: string_decoder@1.3.0 want: ~5.2.0
527 silly placeDep ROOT isexe@2.0.0 OK for: which@2.0.2 want: ^2.0.0
528 silly placeDep node_modules/xml2js xmlbuilder@11.0.1 OK for: xml2js@0.5.0 want: ~11.0.0
529 silly placeDep ROOT buffer-crc32@0.2.13 OK for: yauzl@2.10.0 want: ~0.2.3
530 silly placeDep ROOT fd-slicer@1.1.0 OK for: yauzl@2.10.0 want: ~1.1.0
531 silly fetch manifest pend@~1.2.0
532 silly packumentCache full:https://registry.npmjs.org/pend cache-miss
533 http fetch GET 200 https://registry.npmjs.org/pend 30ms (cache miss)
534 silly packumentCache full:https://registry.npmjs.org/pend set size:undefined disposed:false
535 silly placeDep ROOT pend@1.2.0 OK for: fd-slicer@1.1.0 want: ~1.2.0
536 silly reify moves {}
537 silly audit bulk request {
537 silly audit   '@capacitor/cli': [ '6.2.1' ],
537 silly audit   '@capacitor/core': [ '6.2.1' ],
537 silly audit   '@ionic/cli-framework-output': [ '2.2.8' ],
537 silly audit   '@ionic/utils-fs': [ '3.1.7', '3.1.6' ],
537 silly audit   '@ionic/utils-subprocess': [ '2.1.11' ],
537 silly audit   '@ionic/utils-terminal': [ '2.3.5', '2.3.3' ],
537 silly audit   commander: [ '9.5.0' ],
537 silly audit   debug: [ '4.4.3' ],
537 silly audit   'env-paths': [ '2.2.1' ],
537 silly audit   kleur: [ '4.1.5', '3.0.3' ],
537 silly audit   'native-run': [ '2.0.3' ],
537 silly audit   open: [ '8.4.2' ],
537 silly audit   plist: [ '3.1.0' ],
537 silly audit   prompts: [ '2.4.2' ],
537 silly audit   rimraf: [ '4.4.1' ],
537 silly audit   semver: [ '7.7.3' ],
537 silly audit   tar: [ '6.2.1' ],
537 silly audit   tslib: [ '2.8.1' ],
537 silly audit   xml2js: [ '0.5.0' ],
537 silly audit   '@types/fs-extra': [ '8.1.5' ],
537 silly audit   'fs-extra': [ '9.1.0' ],
537 silly audit   '@ionic/utils-array': [ '2.1.5' ],
537 silly audit   '@ionic/utils-process': [ '2.1.10' ],
537 silly audit   '@ionic/utils-stream': [ '3.1.5' ],
537 silly audit   'cross-spawn': [ '7.0.6' ],
537 silly audit   '@ionic/utils-object': [ '2.1.5' ],
537 silly audit   'signal-exit': [ '3.0.7' ],
537 silly audit   'tree-kill': [ '1.2.2' ],
537 silly audit   '@types/slice-ansi': [ '4.0.0' ],
537 silly audit   'slice-ansi': [ '4.0.0' ],
537 silly audit   'string-width': [ '4.2.3' ],
537 silly audit   'strip-ansi': [ '6.0.1' ],
537 silly audit   untildify: [ '4.0.0' ],
537 silly audit   'wrap-ansi': [ '7.0.0' ],
537 silly audit   '@types/node': [ '25.1.0' ],
537 silly audit   'undici-types': [ '7.16.0' ],
537 silly audit   'path-key': [ '3.1.1' ],
537 silly audit   'shebang-command': [ '2.0.0' ],
537 silly audit   which: [ '2.0.2' ],
537 silly audit   ms: [ '2.1.3' ],
537 silly audit   'at-least-node': [ '1.0.0' ],
537 silly audit   'graceful-fs': [ '4.2.11' ],
537 silly audit   jsonfile: [ '6.2.0' ],
537 silly audit   universalify: [ '2.0.1' ],
537 silly audit   'bplist-parser': [ '0.3.2' ],
537 silly audit   elementtree: [ '0.1.7' ],
537 silly audit   ini: [ '4.1.3' ],
537 silly audit   split2: [ '4.2.0' ],
537 silly audit   through2: [ '4.0.2' ],
537 silly audit   yauzl: [ '2.10.0' ],
537 silly audit   'big-integer': [ '1.6.52' ],
537 silly audit   sax: [ '1.1.4' ],
537 silly audit   'define-lazy-prop': [ '2.0.0' ],
537 silly audit   'is-docker': [ '2.2.1' ],
537 silly audit   'is-wsl': [ '2.2.0' ],
537 silly audit   '@xmldom/xmldom': [ '0.8.11' ],
537 silly audit   'base64-js': [ '1.5.1' ],
537 silly audit   xmlbuilder: [ '15.1.1', '11.0.1' ],
537 silly audit   sisteransi: [ '1.0.5' ],
537 silly audit   glob: [ '9.3.5' ],
537 silly audit   'fs.realpath': [ '1.0.0' ],
537 silly audit   minimatch: [ '8.0.4' ],
537 silly audit   minipass: [ '4.2.8', '7.1.2', '5.0.0', '3.3.6' ],
537 silly audit   'path-scurry': [ '1.11.1' ],
537 silly audit   'brace-expansion': [ '2.0.2' ],
537 silly audit   'balanced-match': [ '1.0.2' ],
537 silly audit   'lru-cache': [ '10.4.3' ],
537 silly audit   'shebang-regex': [ '3.0.0' ],
537 silly audit   'ansi-styles': [ '4.3.0' ],
537 silly audit   'astral-regex': [ '2.0.0' ],
537 silly audit   'is-fullwidth-code-point': [ '3.0.0' ],
537 silly audit   'color-convert': [ '2.0.1' ],
537 silly audit   'color-name': [ '1.1.4' ],
537 silly audit   'emoji-regex': [ '8.0.0' ],
537 silly audit   'ansi-regex': [ '5.0.1' ],
537 silly audit   chownr: [ '2.0.0' ],
537 silly audit   'fs-minipass': [ '2.1.0' ],
537 silly audit   minizlib: [ '2.1.2' ],
537 silly audit   mkdirp: [ '1.0.4' ],
537 silly audit   yallist: [ '4.0.0' ],
537 silly audit   'readable-stream': [ '3.6.2' ],
537 silly audit   inherits: [ '2.0.4' ],
537 silly audit   string_decoder: [ '1.3.0' ],
537 silly audit   'util-deprecate': [ '1.0.2' ],
537 silly audit   'safe-buffer': [ '5.2.1' ],
537 silly audit   isexe: [ '2.0.0' ],
537 silly audit   'buffer-crc32': [ '0.2.13' ],
537 silly audit   'fd-slicer': [ '1.1.0' ],
537 silly audit   pend: [ '1.2.0' ]
537 silly audit }
538 http cache buffer-crc32@https://registry.npmjs.org/buffer-crc32/-/buffer-crc32-0.2.13.tgz 0ms (cache hit)
539 http cache pend@https://registry.npmjs.org/pend/-/pend-1.2.0.tgz 0ms (cache hit)
540 http cache fd-slicer@https://registry.npmjs.org/fd-slicer/-/fd-slicer-1.1.0.tgz 0ms (cache hit)
541 http cache isexe@https://registry.npmjs.org/isexe/-/isexe-2.0.0.tgz 0ms (cache hit)
542 http cache safe-buffer@https://registry.npmjs.org/safe-buffer/-/safe-buffer-5.2.1.tgz 0ms (cache hit)
543 http cache util-deprecate@https://registry.npmjs.org/util-deprecate/-/util-deprecate-1.0.2.tgz 0ms (cache hit)
544 http cache readable-stream@https://registry.npmjs.org/readable-stream/-/readable-stream-3.6.2.tgz 0ms (cache hit)
545 http cache string_decoder@https://registry.npmjs.org/string_decoder/-/string_decoder-1.3.0.tgz 0ms (cache hit)
546 http cache yallist@https://registry.npmjs.org/yallist/-/yallist-4.0.0.tgz 0ms (cache hit)
547 http cache mkdirp@https://registry.npmjs.org/mkdirp/-/mkdirp-1.0.4.tgz 0ms (cache hit)
548 http cache fs-minipass@https://registry.npmjs.org/fs-minipass/-/fs-minipass-2.1.0.tgz 0ms (cache hit)
549 http cache ansi-regex@https://registry.npmjs.org/ansi-regex/-/ansi-regex-5.0.1.tgz 0ms (cache hit)
550 http cache inherits@https://registry.npmjs.org/inherits/-/inherits-2.0.4.tgz 0ms (cache hit)
551 http cache color-name@https://registry.npmjs.org/color-name/-/color-name-1.1.4.tgz 0ms (cache hit)
552 http cache chownr@https://registry.npmjs.org/chownr/-/chownr-2.0.0.tgz 0ms (cache hit)
553 http cache is-fullwidth-code-point@https://registry.npmjs.org/is-fullwidth-code-point/-/is-fullwidth-code-point-3.0.0.tgz 0ms (cache hit)
554 http cache minizlib@https://registry.npmjs.org/minizlib/-/minizlib-2.1.2.tgz 0ms (cache hit)
555 http cache astral-regex@https://registry.npmjs.org/astral-regex/-/astral-regex-2.0.0.tgz 0ms (cache hit)
556 http cache ansi-styles@https://registry.npmjs.org/ansi-styles/-/ansi-styles-4.3.0.tgz 0ms (cache hit)
557 http cache shebang-regex@https://registry.npmjs.org/shebang-regex/-/shebang-regex-3.0.0.tgz 0ms (cache hit)
558 http cache emoji-regex@https://registry.npmjs.org/emoji-regex/-/emoji-regex-8.0.0.tgz 0ms (cache hit)
559 http cache balanced-match@https://registry.npmjs.org/balanced-match/-/balanced-match-1.0.2.tgz 0ms (cache hit)
560 http cache color-convert@https://registry.npmjs.org/color-convert/-/color-convert-2.0.1.tgz 0ms (cache hit)
561 http cache lru-cache@https://registry.npmjs.org/lru-cache/-/lru-cache-10.4.3.tgz 0ms (cache hit)
562 http cache brace-expansion@https://registry.npmjs.org/brace-expansion/-/brace-expansion-2.0.2.tgz 0ms (cache hit)
563 http cache path-scurry@https://registry.npmjs.org/path-scurry/-/path-scurry-1.11.1.tgz 0ms (cache hit)
564 http cache minipass@https://registry.npmjs.org/minipass/-/minipass-4.2.8.tgz 0ms (cache hit)
565 http cache minimatch@https://registry.npmjs.org/minimatch/-/minimatch-8.0.4.tgz 0ms (cache hit)
566 http cache glob@https://registry.npmjs.org/glob/-/glob-9.3.5.tgz 0ms (cache hit)
567 http cache fs.realpath@https://registry.npmjs.org/fs.realpath/-/fs.realpath-1.0.0.tgz 0ms (cache hit)
568 http cache sisteransi@https://registry.npmjs.org/sisteransi/-/sisteransi-1.0.5.tgz 0ms (cache hit)
569 http cache base64-js@https://registry.npmjs.org/base64-js/-/base64-js-1.5.1.tgz 0ms (cache hit)
570 http cache xmlbuilder@https://registry.npmjs.org/xmlbuilder/-/xmlbuilder-15.1.1.tgz 0ms (cache hit)
571 http cache @xmldom/xmldom@https://registry.npmjs.org/@xmldom/xmldom/-/xmldom-0.8.11.tgz 0ms (cache hit)
572 http cache is-docker@https://registry.npmjs.org/is-docker/-/is-docker-2.2.1.tgz 0ms (cache hit)
573 http cache is-wsl@https://registry.npmjs.org/is-wsl/-/is-wsl-2.2.0.tgz 0ms (cache hit)
574 http cache define-lazy-prop@https://registry.npmjs.org/define-lazy-prop/-/define-lazy-prop-2.0.0.tgz 0ms (cache hit)
575 http cache through2@https://registry.npmjs.org/through2/-/through2-4.0.2.tgz 0ms (cache hit)
576 http cache big-integer@https://registry.npmjs.org/big-integer/-/big-integer-1.6.52.tgz 0ms (cache hit)
577 http cache sax@https://registry.npmjs.org/sax/-/sax-1.1.4.tgz 0ms (cache hit)
578 http cache ini@https://registry.npmjs.org/ini/-/ini-4.1.3.tgz 0ms (cache hit)
579 http cache yauzl@https://registry.npmjs.org/yauzl/-/yauzl-2.10.0.tgz 0ms (cache hit)
580 http cache bplist-parser@https://registry.npmjs.org/bplist-parser/-/bplist-parser-0.3.2.tgz 0ms (cache hit)
581 http cache jsonfile@https://registry.npmjs.org/jsonfile/-/jsonfile-6.2.0.tgz 0ms (cache hit)
582 http cache graceful-fs@https://registry.npmjs.org/graceful-fs/-/graceful-fs-4.2.11.tgz 0ms (cache hit)
583 http cache universalify@https://registry.npmjs.org/universalify/-/universalify-2.0.1.tgz 0ms (cache hit)
584 http cache at-least-node@https://registry.npmjs.org/at-least-node/-/at-least-node-1.0.0.tgz 0ms (cache hit)
585 http cache elementtree@https://registry.npmjs.org/elementtree/-/elementtree-0.1.7.tgz 0ms (cache hit)
586 http cache ms@https://registry.npmjs.org/ms/-/ms-2.1.3.tgz 0ms (cache hit)
587 http cache split2@https://registry.npmjs.org/split2/-/split2-4.2.0.tgz 0ms (cache hit)
588 http cache which@https://registry.npmjs.org/which/-/which-2.0.2.tgz 0ms (cache hit)
589 http cache shebang-command@https://registry.npmjs.org/shebang-command/-/shebang-command-2.0.0.tgz 0ms (cache hit)
590 http cache path-key@https://registry.npmjs.org/path-key/-/path-key-3.1.1.tgz 0ms (cache hit)
591 http cache untildify@https://registry.npmjs.org/untildify/-/untildify-4.0.0.tgz 0ms (cache hit)
592 http cache undici-types@https://registry.npmjs.org/undici-types/-/undici-types-7.16.0.tgz 0ms (cache hit)
593 http cache @types/node@https://registry.npmjs.org/@types/node/-/node-25.1.0.tgz 0ms (cache hit)
594 http cache strip-ansi@https://registry.npmjs.org/strip-ansi/-/strip-ansi-6.0.1.tgz 0ms (cache hit)
595 http cache string-width@https://registry.npmjs.org/string-width/-/string-width-4.2.3.tgz 0ms (cache hit)
596 http cache wrap-ansi@https://registry.npmjs.org/wrap-ansi/-/wrap-ansi-7.0.0.tgz 0ms (cache hit)
597 http cache slice-ansi@https://registry.npmjs.org/slice-ansi/-/slice-ansi-4.0.0.tgz 0ms (cache hit)
598 http cache @types/slice-ansi@https://registry.npmjs.org/@types/slice-ansi/-/slice-ansi-4.0.0.tgz 0ms (cache hit)
599 http cache tree-kill@https://registry.npmjs.org/tree-kill/-/tree-kill-1.2.2.tgz 0ms (cache hit)
600 http cache signal-exit@https://registry.npmjs.org/signal-exit/-/signal-exit-3.0.7.tgz 0ms (cache hit)
601 http cache @ionic/utils-object@https://registry.npmjs.org/@ionic/utils-object/-/utils-object-2.1.5.tgz 0ms (cache hit)
602 http cache cross-spawn@https://registry.npmjs.org/cross-spawn/-/cross-spawn-7.0.6.tgz 0ms (cache hit)
603 http cache @ionic/utils-stream@https://registry.npmjs.org/@ionic/utils-stream/-/utils-stream-3.1.5.tgz 0ms (cache hit)
604 http cache @ionic/utils-array@https://registry.npmjs.org/@ionic/utils-array/-/utils-array-2.1.5.tgz 0ms (cache hit)
605 http cache @ionic/utils-process@https://registry.npmjs.org/@ionic/utils-process/-/utils-process-2.1.10.tgz 0ms (cache hit)
606 http cache fs-extra@https://registry.npmjs.org/fs-extra/-/fs-extra-9.1.0.tgz 0ms (cache hit)
607 http cache xml2js@https://registry.npmjs.org/xml2js/-/xml2js-0.5.0.tgz 0ms (cache hit)
608 http cache @types/fs-extra@https://registry.npmjs.org/@types/fs-extra/-/fs-extra-8.1.5.tgz 0ms (cache hit)
609 http cache tslib@https://registry.npmjs.org/tslib/-/tslib-2.8.1.tgz 0ms (cache hit)
610 http cache tar@https://registry.npmjs.org/tar/-/tar-6.2.1.tgz 0ms (cache hit)
611 http cache semver@https://registry.npmjs.org/semver/-/semver-7.7.3.tgz 0ms (cache hit)
612 http cache rimraf@https://registry.npmjs.org/rimraf/-/rimraf-4.4.1.tgz 0ms (cache hit)
613 http cache prompts@https://registry.npmjs.org/prompts/-/prompts-2.4.2.tgz 0ms (cache hit)
614 http cache plist@https://registry.npmjs.org/plist/-/plist-3.1.0.tgz 0ms (cache hit)
615 http cache native-run@https://registry.npmjs.org/native-run/-/native-run-2.0.3.tgz 0ms (cache hit)
616 http cache kleur@https://registry.npmjs.org/kleur/-/kleur-4.1.5.tgz 0ms (cache hit)
617 http cache commander@https://registry.npmjs.org/commander/-/commander-9.5.0.tgz 0ms (cache hit)
618 http cache debug@https://registry.npmjs.org/debug/-/debug-4.4.3.tgz 0ms (cache hit)
619 http cache open@https://registry.npmjs.org/open/-/open-8.4.2.tgz 0ms (cache hit)
620 http cache @ionic/utils-subprocess@https://registry.npmjs.org/@ionic/utils-subprocess/-/utils-subprocess-2.1.11.tgz 0ms (cache hit)
621 http cache @capacitor/core@https://registry.npmjs.org/@capacitor/core/-/core-6.2.1.tgz 0ms (cache hit)
622 http cache @capacitor/cli@https://registry.npmjs.org/@capacitor/cli/-/cli-6.2.1.tgz 0ms (cache hit)
623 http cache @ionic/utils-terminal@https://registry.npmjs.org/@ionic/utils-terminal/-/utils-terminal-2.3.5.tgz 0ms (cache hit)
624 http cache @ionic/utils-fs@https://registry.npmjs.org/@ionic/utils-fs/-/utils-fs-3.1.7.tgz 0ms (cache hit)
625 http cache @ionic/cli-framework-output@https://registry.npmjs.org/@ionic/cli-framework-output/-/cli-framework-output-2.2.8.tgz 0ms (cache hit)
626 http cache minipass@https://registry.npmjs.org/minipass/-/minipass-3.3.6.tgz 0ms (cache hit)
627 http cache minipass@https://registry.npmjs.org/minipass/-/minipass-3.3.6.tgz 0ms (cache hit)
628 http cache env-paths@https://registry.npmjs.org/env-paths/-/env-paths-2.2.1.tgz 0ms (cache hit)
629 http cache minipass@https://registry.npmjs.org/minipass/-/minipass-5.0.0.tgz 0ms (cache hit)
630 http cache @ionic/utils-terminal@https://registry.npmjs.org/@ionic/utils-terminal/-/utils-terminal-2.3.3.tgz 0ms (cache hit)
631 http cache kleur@https://registry.npmjs.org/kleur/-/kleur-3.0.3.tgz 0ms (cache hit)
632 http cache @ionic/utils-terminal@https://registry.npmjs.org/@ionic/utils-terminal/-/utils-terminal-2.3.3.tgz 0ms (cache hit)
633 http cache @ionic/utils-fs@https://registry.npmjs.org/@ionic/utils-fs/-/utils-fs-3.1.6.tgz 0ms (cache hit)
634 http cache xmlbuilder@https://registry.npmjs.org/xmlbuilder/-/xmlbuilder-11.0.1.tgz 0ms (cache hit)
635 http cache minipass@https://registry.npmjs.org/minipass/-/minipass-7.1.2.tgz 0ms (cache hit)
636 silly tarball no local data for buffer-crc32@https://registry.npmjs.org/buffer-crc32/-/buffer-crc32-0.2.13.tgz. Extracting by manifest.
637 silly tarball no local data for pend@https://registry.npmjs.org/pend/-/pend-1.2.0.tgz. Extracting by manifest.
638 silly tarball no local data for fd-slicer@https://registry.npmjs.org/fd-slicer/-/fd-slicer-1.1.0.tgz. Extracting by manifest.
639 silly tarball no local data for isexe@https://registry.npmjs.org/isexe/-/isexe-2.0.0.tgz. Extracting by manifest.
640 silly tarball no local data for safe-buffer@https://registry.npmjs.org/safe-buffer/-/safe-buffer-5.2.1.tgz. Extracting by manifest.
641 silly tarball no local data for util-deprecate@https://registry.npmjs.org/util-deprecate/-/util-deprecate-1.0.2.tgz. Extracting by manifest.
642 silly tarball no local data for readable-stream@https://registry.npmjs.org/readable-stream/-/readable-stream-3.6.2.tgz. Extracting by manifest.
643 silly tarball no local data for string_decoder@https://registry.npmjs.org/string_decoder/-/string_decoder-1.3.0.tgz. Extracting by manifest.
644 silly tarball no local data for yallist@https://registry.npmjs.org/yallist/-/yallist-4.0.0.tgz. Extracting by manifest.
645 silly tarball no local data for mkdirp@https://registry.npmjs.org/mkdirp/-/mkdirp-1.0.4.tgz. Extracting by manifest.
646 silly tarball no local data for fs-minipass@https://registry.npmjs.org/fs-minipass/-/fs-minipass-2.1.0.tgz. Extracting by manifest.
647 silly tarball no local data for ansi-regex@https://registry.npmjs.org/ansi-regex/-/ansi-regex-5.0.1.tgz. Extracting by manifest.
648 silly tarball no local data for inherits@https://registry.npmjs.org/inherits/-/inherits-2.0.4.tgz. Extracting by manifest.
649 silly tarball no local data for color-name@https://registry.npmjs.org/color-name/-/color-name-1.1.4.tgz. Extracting by manifest.
650 silly tarball no local data for chownr@https://registry.npmjs.org/chownr/-/chownr-2.0.0.tgz. Extracting by manifest.
651 silly tarball no local data for is-fullwidth-code-point@https://registry.npmjs.org/is-fullwidth-code-point/-/is-fullwidth-code-point-3.0.0.tgz. Extracting by manifest.
652 silly tarball no local data for minizlib@https://registry.npmjs.org/minizlib/-/minizlib-2.1.2.tgz. Extracting by manifest.
653 silly tarball no local data for astral-regex@https://registry.npmjs.org/astral-regex/-/astral-regex-2.0.0.tgz. Extracting by manifest.
654 silly tarball no local data for ansi-styles@https://registry.npmjs.org/ansi-styles/-/ansi-styles-4.3.0.tgz. Extracting by manifest.
655 silly tarball no local data for shebang-regex@https://registry.npmjs.org/shebang-regex/-/shebang-regex-3.0.0.tgz. Extracting by manifest.
656 silly tarball no local data for emoji-regex@https://registry.npmjs.org/emoji-regex/-/emoji-regex-8.0.0.tgz. Extracting by manifest.
657 silly tarball no local data for balanced-match@https://registry.npmjs.org/balanced-match/-/balanced-match-1.0.2.tgz. Extracting by manifest.
658 silly tarball no local data for color-convert@https://registry.npmjs.org/color-convert/-/color-convert-2.0.1.tgz. Extracting by manifest.
659 silly tarball no local data for lru-cache@https://registry.npmjs.org/lru-cache/-/lru-cache-10.4.3.tgz. Extracting by manifest.
660 silly tarball no local data for brace-expansion@https://registry.npmjs.org/brace-expansion/-/brace-expansion-2.0.2.tgz. Extracting by manifest.
661 silly tarball no local data for path-scurry@https://registry.npmjs.org/path-scurry/-/path-scurry-1.11.1.tgz. Extracting by manifest.
662 silly tarball no local data for minipass@https://registry.npmjs.org/minipass/-/minipass-4.2.8.tgz. Extracting by manifest.
663 silly tarball no local data for minimatch@https://registry.npmjs.org/minimatch/-/minimatch-8.0.4.tgz. Extracting by manifest.
664 silly tarball no local data for glob@https://registry.npmjs.org/glob/-/glob-9.3.5.tgz. Extracting by manifest.
665 silly tarball no local data for fs.realpath@https://registry.npmjs.org/fs.realpath/-/fs.realpath-1.0.0.tgz. Extracting by manifest.
666 silly tarball no local data for sisteransi@https://registry.npmjs.org/sisteransi/-/sisteransi-1.0.5.tgz. Extracting by manifest.
667 silly tarball no local data for base64-js@https://registry.npmjs.org/base64-js/-/base64-js-1.5.1.tgz. Extracting by manifest.
668 silly tarball no local data for xmlbuilder@https://registry.npmjs.org/xmlbuilder/-/xmlbuilder-15.1.1.tgz. Extracting by manifest.
669 silly tarball no local data for @xmldom/xmldom@https://registry.npmjs.org/@xmldom/xmldom/-/xmldom-0.8.11.tgz. Extracting by manifest.
670 silly tarball no local data for is-docker@https://registry.npmjs.org/is-docker/-/is-docker-2.2.1.tgz. Extracting by manifest.
671 silly tarball no local data for is-wsl@https://registry.npmjs.org/is-wsl/-/is-wsl-2.2.0.tgz. Extracting by manifest.
672 silly tarball no local data for define-lazy-prop@https://registry.npmjs.org/define-lazy-prop/-/define-lazy-prop-2.0.0.tgz. Extracting by manifest.
673 silly tarball no local data for through2@https://registry.npmjs.org/through2/-/through2-4.0.2.tgz. Extracting by manifest.
674 silly tarball no local data for big-integer@https://registry.npmjs.org/big-integer/-/big-integer-1.6.52.tgz. Extracting by manifest.
675 silly tarball no local data for sax@https://registry.npmjs.org/sax/-/sax-1.1.4.tgz. Extracting by manifest.
676 silly tarball no local data for ini@https://registry.npmjs.org/ini/-/ini-4.1.3.tgz. Extracting by manifest.
677 silly tarball no local data for yauzl@https://registry.npmjs.org/yauzl/-/yauzl-2.10.0.tgz. Extracting by manifest.
678 silly tarball no local data for bplist-parser@https://registry.npmjs.org/bplist-parser/-/bplist-parser-0.3.2.tgz. Extracting by manifest.
679 silly tarball no local data for graceful-fs@https://registry.npmjs.org/graceful-fs/-/graceful-fs-4.2.11.tgz. Extracting by manifest.
680 silly tarball no local data for jsonfile@https://registry.npmjs.org/jsonfile/-/jsonfile-6.2.0.tgz. Extracting by manifest.
681 silly tarball no local data for universalify@https://registry.npmjs.org/universalify/-/universalify-2.0.1.tgz. Extracting by manifest.
682 silly tarball no local data for at-least-node@https://registry.npmjs.org/at-least-node/-/at-least-node-1.0.0.tgz. Extracting by manifest.
683 silly tarball no local data for elementtree@https://registry.npmjs.org/elementtree/-/elementtree-0.1.7.tgz. Extracting by manifest.
684 silly tarball no local data for ms@https://registry.npmjs.org/ms/-/ms-2.1.3.tgz. Extracting by manifest.
685 silly tarball no local data for split2@https://registry.npmjs.org/split2/-/split2-4.2.0.tgz. Extracting by manifest.
686 silly tarball no local data for which@https://registry.npmjs.org/which/-/which-2.0.2.tgz. Extracting by manifest.
687 silly tarball no local data for shebang-command@https://registry.npmjs.org/shebang-command/-/shebang-command-2.0.0.tgz. Extracting by manifest.
688 silly tarball no local data for path-key@https://registry.npmjs.org/path-key/-/path-key-3.1.1.tgz. Extracting by manifest.
689 silly tarball no local data for untildify@https://registry.npmjs.org/untildify/-/untildify-4.0.0.tgz. Extracting by manifest.
690 silly tarball no local data for undici-types@https://registry.npmjs.org/undici-types/-/undici-types-7.16.0.tgz. Extracting by manifest.
691 silly tarball no local data for @types/node@https://registry.npmjs.org/@types/node/-/node-25.1.0.tgz. Extracting by manifest.
692 silly tarball no local data for string-width@https://registry.npmjs.org/string-width/-/string-width-4.2.3.tgz. Extracting by manifest.
693 silly tarball no local data for strip-ansi@https://registry.npmjs.org/strip-ansi/-/strip-ansi-6.0.1.tgz. Extracting by manifest.
694 silly tarball no local data for wrap-ansi@https://registry.npmjs.org/wrap-ansi/-/wrap-ansi-7.0.0.tgz. Extracting by manifest.
695 silly tarball no local data for slice-ansi@https://registry.npmjs.org/slice-ansi/-/slice-ansi-4.0.0.tgz. Extracting by manifest.
696 silly tarball no local data for @types/slice-ansi@https://registry.npmjs.org/@types/slice-ansi/-/slice-ansi-4.0.0.tgz. Extracting by manifest.
697 silly tarball no local data for signal-exit@https://registry.npmjs.org/signal-exit/-/signal-exit-3.0.7.tgz. Extracting by manifest.
698 silly tarball no local data for tree-kill@https://registry.npmjs.org/tree-kill/-/tree-kill-1.2.2.tgz. Extracting by manifest.
699 silly tarball no local data for @ionic/utils-object@https://registry.npmjs.org/@ionic/utils-object/-/utils-object-2.1.5.tgz. Extracting by manifest.
700 silly tarball no local data for cross-spawn@https://registry.npmjs.org/cross-spawn/-/cross-spawn-7.0.6.tgz. Extracting by manifest.
701 silly tarball no local data for @ionic/utils-stream@https://registry.npmjs.org/@ionic/utils-stream/-/utils-stream-3.1.5.tgz. Extracting by manifest.
702 silly tarball no local data for @ionic/utils-array@https://registry.npmjs.org/@ionic/utils-array/-/utils-array-2.1.5.tgz. Extracting by manifest.
703 silly tarball no local data for @ionic/utils-process@https://registry.npmjs.org/@ionic/utils-process/-/utils-process-2.1.10.tgz. Extracting by manifest.
704 silly tarball no local data for fs-extra@https://registry.npmjs.org/fs-extra/-/fs-extra-9.1.0.tgz. Extracting by manifest.
705 silly tarball no local data for xml2js@https://registry.npmjs.org/xml2js/-/xml2js-0.5.0.tgz. Extracting by manifest.
706 silly tarball no local data for @types/fs-extra@https://registry.npmjs.org/@types/fs-extra/-/fs-extra-8.1.5.tgz. Extracting by manifest.
707 silly tarball no local data for tslib@https://registry.npmjs.org/tslib/-/tslib-2.8.1.tgz. Extracting by manifest.
708 silly tarball no local data for tar@https://registry.npmjs.org/tar/-/tar-6.2.1.tgz. Extracting by manifest.
709 silly tarball no local data for semver@https://registry.npmjs.org/semver/-/semver-7.7.3.tgz. Extracting by manifest.
710 silly tarball no local data for rimraf@https://registry.npmjs.org/rimraf/-/rimraf-4.4.1.tgz. Extracting by manifest.
711 silly tarball no local data for prompts@https://registry.npmjs.org/prompts/-/prompts-2.4.2.tgz. Extracting by manifest.
712 silly tarball no local data for plist@https://registry.npmjs.org/plist/-/plist-3.1.0.tgz. Extracting by manifest.
713 silly tarball no local data for native-run@https://registry.npmjs.org/native-run/-/native-run-2.0.3.tgz. Extracting by manifest.
714 silly tarball no local data for kleur@https://registry.npmjs.org/kleur/-/kleur-4.1.5.tgz. Extracting by manifest.
715 silly tarball no local data for commander@https://registry.npmjs.org/commander/-/commander-9.5.0.tgz. Extracting by manifest.
716 silly tarball no local data for debug@https://registry.npmjs.org/debug/-/debug-4.4.3.tgz. Extracting by manifest.
717 silly tarball no local data for open@https://registry.npmjs.org/open/-/open-8.4.2.tgz. Extracting by manifest.
718 silly tarball no local data for @ionic/utils-subprocess@https://registry.npmjs.org/@ionic/utils-subprocess/-/utils-subprocess-2.1.11.tgz. Extracting by manifest.
719 silly tarball no local data for @capacitor/core@https://registry.npmjs.org/@capacitor/core/-/core-6.2.1.tgz. Extracting by manifest.
720 silly tarball no local data for @capacitor/cli@https://registry.npmjs.org/@capacitor/cli/-/cli-6.2.1.tgz. Extracting by manifest.
721 silly tarball no local data for @ionic/utils-terminal@https://registry.npmjs.org/@ionic/utils-terminal/-/utils-terminal-2.3.5.tgz. Extracting by manifest.
722 silly tarball no local data for @ionic/utils-fs@https://registry.npmjs.org/@ionic/utils-fs/-/utils-fs-3.1.7.tgz. Extracting by manifest.
723 silly tarball no local data for @ionic/cli-framework-output@https://registry.npmjs.org/@ionic/cli-framework-output/-/cli-framework-output-2.2.8.tgz. Extracting by manifest.
724 silly tarball no local data for minipass@https://registry.npmjs.org/minipass/-/minipass-3.3.6.tgz. Extracting by manifest.
725 silly tarball no local data for minipass@https://registry.npmjs.org/minipass/-/minipass-3.3.6.tgz. Extracting by manifest.
726 silly tarball no local data for env-paths@https://registry.npmjs.org/env-paths/-/env-paths-2.2.1.tgz. Extracting by manifest.
727 silly tarball no local data for minipass@https://registry.npmjs.org/minipass/-/minipass-5.0.0.tgz. Extracting by manifest.
728 silly tarball no local data for @ionic/utils-terminal@https://registry.npmjs.org/@ionic/utils-terminal/-/utils-terminal-2.3.3.tgz. Extracting by manifest.
729 silly tarball no local data for kleur@https://registry.npmjs.org/kleur/-/kleur-3.0.3.tgz. Extracting by manifest.
730 silly tarball no local data for @ionic/utils-terminal@https://registry.npmjs.org/@ionic/utils-terminal/-/utils-terminal-2.3.3.tgz. Extracting by manifest.
731 silly tarball no local data for @ionic/utils-fs@https://registry.npmjs.org/@ionic/utils-fs/-/utils-fs-3.1.6.tgz. Extracting by manifest.
732 silly tarball no local data for xmlbuilder@https://registry.npmjs.org/xmlbuilder/-/xmlbuilder-11.0.1.tgz. Extracting by manifest.
733 silly tarball no local data for minipass@https://registry.npmjs.org/minipass/-/minipass-7.1.2.tgz. Extracting by manifest.
734 http fetch GET 200 https://registry.npmjs.org/fd-slicer/-/fd-slicer-1.1.0.tgz 80ms (cache miss)
735 http fetch GET 200 https://registry.npmjs.org/buffer-crc32/-/buffer-crc32-0.2.13.tgz 81ms (cache miss)
736 http fetch GET 200 https://registry.npmjs.org/util-deprecate/-/util-deprecate-1.0.2.tgz 81ms (cache miss)
737 http fetch GET 200 https://registry.npmjs.org/isexe/-/isexe-2.0.0.tgz 81ms (cache miss)
738 http fetch GET 200 https://registry.npmjs.org/safe-buffer/-/safe-buffer-5.2.1.tgz 81ms (cache miss)
739 http fetch GET 200 https://registry.npmjs.org/is-fullwidth-code-point/-/is-fullwidth-code-point-3.0.0.tgz 79ms (cache miss)
740 http fetch GET 200 https://registry.npmjs.org/inherits/-/inherits-2.0.4.tgz 100ms (cache miss)
741 http fetch GET 200 https://registry.npmjs.org/chownr/-/chownr-2.0.0.tgz 102ms (cache miss)
742 http fetch GET 200 https://registry.npmjs.org/pend/-/pend-1.2.0.tgz 109ms (cache miss)
743 http fetch GET 200 https://registry.npmjs.org/shebang-regex/-/shebang-regex-3.0.0.tgz 111ms (cache miss)
744 http fetch POST 200 https://registry.npmjs.org/-/npm/v1/security/advisories/bulk 131ms
745 silly audit report {
745 silly audit report   tar: [
745 silly audit report     {
745 silly audit report       id: 1112255,
745 silly audit report       url: 'https://github.com/advisories/GHSA-8qq5-rm4j-mr97',
745 silly audit report       title: 'node-tar is Vulnerable to Arbitrary File Overwrite and Symlink Poisoning via Insufficient Path Sanitization',
745 silly audit report       severity: 'high',
745 silly audit report       vulnerable_versions: '<=7.5.2',
745 silly audit report       cwe: [Array],
745 silly audit report       cvss: [Object]
745 silly audit report     },
745 silly audit report     {
745 silly audit report       id: 1112329,
745 silly audit report       url: 'https://github.com/advisories/GHSA-r6q2-hw4h-h46w',
745 silly audit report       title: 'Race Condition in node-tar Path Reservations via Unicode Ligature Collisions on macOS APFS',
745 silly audit report       severity: 'high',
745 silly audit report       vulnerable_versions: '<=7.5.3',
745 silly audit report       cwe: [Array],
745 silly audit report       cvss: [Object]
745 silly audit report     },
745 silly audit report     {
745 silly audit report       id: 1112659,
745 silly audit report       url: 'https://github.com/advisories/GHSA-34x7-hfp2-rc4v',
745 silly audit report       title: 'node-tar Vulnerable to Arbitrary File Creation/Overwrite via Hardlink Path Traversal',
745 silly audit report       severity: 'high',
745 silly audit report       vulnerable_versions: '<7.5.7',
745 silly audit report       cwe: [Array],
745 silly audit report       cvss: [Object]
745 silly audit report     }
745 silly audit report   ]
745 silly audit report }
746 silly packumentCache corgi:https://registry.npmjs.org/tar cache-miss
747 http fetch GET 200 https://registry.npmjs.org/yallist/-/yallist-4.0.0.tgz 116ms (cache miss)
748 http fetch GET 200 https://registry.npmjs.org/ansi-styles/-/ansi-styles-4.3.0.tgz 116ms (cache miss)
749 http fetch GET 200 https://registry.npmjs.org/minizlib/-/minizlib-2.1.2.tgz 121ms (cache miss)
750 http fetch GET 200 https://registry.npmjs.org/color-name/-/color-name-1.1.4.tgz 123ms (cache miss)
751 http fetch GET 200 https://registry.npmjs.org/astral-regex/-/astral-regex-2.0.0.tgz 122ms (cache miss)
752 http fetch GET 200 https://registry.npmjs.org/fs-minipass/-/fs-minipass-2.1.0.tgz 131ms (cache miss)
753 http fetch GET 200 https://registry.npmjs.org/string_decoder/-/string_decoder-1.3.0.tgz 132ms (cache miss)
754 http fetch GET 200 https://registry.npmjs.org/ansi-regex/-/ansi-regex-5.0.1.tgz 132ms (cache miss)
755 http fetch GET 200 https://registry.npmjs.org/mkdirp/-/mkdirp-1.0.4.tgz 135ms (cache miss)
756 http fetch GET 200 https://registry.npmjs.org/color-convert/-/color-convert-2.0.1.tgz 135ms (cache miss)
757 http fetch GET 200 https://registry.npmjs.org/brace-expansion/-/brace-expansion-2.0.2.tgz 135ms (cache miss)
758 http fetch GET 200 https://registry.npmjs.org/emoji-regex/-/emoji-regex-8.0.0.tgz 136ms (cache miss)
759 http fetch GET 200 https://registry.npmjs.org/readable-stream/-/readable-stream-3.6.2.tgz 141ms (cache miss)
760 http fetch GET 200 https://registry.npmjs.org/balanced-match/-/balanced-match-1.0.2.tgz 145ms (cache miss)
761 http fetch GET 200 https://registry.npmjs.org/minipass/-/minipass-4.2.8.tgz 165ms (cache miss)
762 http fetch GET 200 https://registry.npmjs.org/lru-cache/-/lru-cache-10.4.3.tgz 186ms (cache miss)
763 http fetch GET 200 https://registry.npmjs.org/fs.realpath/-/fs.realpath-1.0.0.tgz 212ms (cache miss)
764 http fetch GET 200 https://registry.npmjs.org/sisteransi/-/sisteransi-1.0.5.tgz 215ms (cache miss)
765 http fetch GET 200 https://registry.npmjs.org/is-wsl/-/is-wsl-2.2.0.tgz 215ms (cache miss)
766 http fetch GET 200 https://registry.npmjs.org/base64-js/-/base64-js-1.5.1.tgz 216ms (cache miss)
767 http fetch GET 200 https://registry.npmjs.org/define-lazy-prop/-/define-lazy-prop-2.0.0.tgz 216ms (cache miss)
768 http fetch GET 200 https://registry.npmjs.org/through2/-/through2-4.0.2.tgz 217ms (cache miss)
769 http fetch GET 200 https://registry.npmjs.org/path-scurry/-/path-scurry-1.11.1.tgz 220ms (cache miss)
770 http fetch GET 200 https://registry.npmjs.org/is-docker/-/is-docker-2.2.1.tgz 221ms (cache miss)
771 http fetch GET 200 https://registry.npmjs.org/ini/-/ini-4.1.3.tgz 223ms (cache miss)
772 http fetch GET 200 https://registry.npmjs.org/sax/-/sax-1.1.4.tgz 229ms (cache miss)
773 http fetch GET 200 https://registry.npmjs.org/@xmldom/xmldom/-/xmldom-0.8.11.tgz 232ms (cache miss)
774 http fetch GET 200 https://registry.npmjs.org/big-integer/-/big-integer-1.6.52.tgz 236ms (cache miss)
775 http fetch GET 200 https://registry.npmjs.org/bplist-parser/-/bplist-parser-0.3.2.tgz 244ms (cache miss)
776 http fetch GET 200 https://registry.npmjs.org/ms/-/ms-2.1.3.tgz 244ms (cache miss)
777 http fetch GET 200 https://registry.npmjs.org/universalify/-/universalify-2.0.1.tgz 246ms (cache miss)
778 http fetch GET 200 https://registry.npmjs.org/jsonfile/-/jsonfile-6.2.0.tgz 247ms (cache miss)
779 http fetch GET 200 https://registry.npmjs.org/shebang-command/-/shebang-command-2.0.0.tgz 248ms (cache miss)
780 http fetch GET 200 https://registry.npmjs.org/yauzl/-/yauzl-2.10.0.tgz 250ms (cache miss)
781 http fetch GET 200 https://registry.npmjs.org/at-least-node/-/at-least-node-1.0.0.tgz 252ms (cache miss)
782 http fetch GET 200 https://registry.npmjs.org/graceful-fs/-/graceful-fs-4.2.11.tgz 256ms (cache miss)
783 http fetch GET 200 https://registry.npmjs.org/untildify/-/untildify-4.0.0.tgz 255ms (cache miss)
784 http fetch GET 200 https://registry.npmjs.org/split2/-/split2-4.2.0.tgz 257ms (cache miss)
785 http fetch GET 200 https://registry.npmjs.org/path-key/-/path-key-3.1.1.tgz 263ms (cache miss)
786 http fetch GET 200 https://registry.npmjs.org/minimatch/-/minimatch-8.0.4.tgz 265ms (cache miss)
787 http fetch GET 200 https://registry.npmjs.org/strip-ansi/-/strip-ansi-6.0.1.tgz 263ms (cache miss)
788 http fetch GET 200 https://registry.npmjs.org/wrap-ansi/-/wrap-ansi-7.0.0.tgz 266ms (cache miss)
789 http fetch GET 200 https://registry.npmjs.org/string-width/-/string-width-4.2.3.tgz 270ms (cache miss)
790 http fetch GET 200 https://registry.npmjs.org/signal-exit/-/signal-exit-3.0.7.tgz 270ms (cache miss)
791 http fetch GET 200 https://registry.npmjs.org/glob/-/glob-9.3.5.tgz 274ms (cache miss)
792 http fetch GET 200 https://registry.npmjs.org/elementtree/-/elementtree-0.1.7.tgz 273ms (cache miss)
793 http fetch GET 200 https://registry.npmjs.org/which/-/which-2.0.2.tgz 275ms (cache miss)
794 http fetch GET 200 https://registry.npmjs.org/slice-ansi/-/slice-ansi-4.0.0.tgz 275ms (cache miss)
795 http fetch GET 200 https://registry.npmjs.org/tree-kill/-/tree-kill-1.2.2.tgz 274ms (cache miss)
796 http fetch GET 200 https://registry.npmjs.org/undici-types/-/undici-types-7.16.0.tgz 277ms (cache miss)
797 http fetch GET 200 https://registry.npmjs.org/xmlbuilder/-/xmlbuilder-15.1.1.tgz 285ms (cache miss)
798 http fetch GET 200 https://registry.npmjs.org/@types/slice-ansi/-/slice-ansi-4.0.0.tgz 283ms (cache miss)
799 http fetch GET 200 https://registry.npmjs.org/cross-spawn/-/cross-spawn-7.0.6.tgz 290ms (cache miss)
800 http fetch GET 200 https://registry.npmjs.org/xml2js/-/xml2js-0.5.0.tgz 289ms (cache miss)
801 http fetch GET 200 https://registry.npmjs.org/tslib/-/tslib-2.8.1.tgz 294ms (cache miss)
802 http fetch GET 200 https://registry.npmjs.org/tar/-/tar-6.2.1.tgz 300ms (cache miss)
803 warn deprecated tar@6.2.1: Old versions of tar are not supported, and contain widely publicized security vulnerabilities, which have been fixed in the current version. Please update. Support for old versions may be purchased (at exhorbitant rates) by contacting i@izs.me
804 http fetch GET 200 https://registry.npmjs.org/kleur/-/kleur-4.1.5.tgz 306ms (cache miss)
805 http fetch GET 200 https://registry.npmjs.org/fs-extra/-/fs-extra-9.1.0.tgz 318ms (cache miss)
806 http fetch GET 200 https://registry.npmjs.org/semver/-/semver-7.7.3.tgz 325ms (cache miss)
807 http fetch GET 200 https://registry.npmjs.org/open/-/open-8.4.2.tgz 326ms (cache miss)
808 http fetch GET 200 https://registry.npmjs.org/debug/-/debug-4.4.3.tgz 361ms (cache miss)
809 http fetch GET 200 https://registry.npmjs.org/plist/-/plist-3.1.0.tgz 363ms (cache miss)
810 http fetch GET 200 https://registry.npmjs.org/@types/fs-extra/-/fs-extra-8.1.5.tgz 366ms (cache miss)
811 http fetch GET 200 https://registry.npmjs.org/prompts/-/prompts-2.4.2.tgz 366ms (cache miss)
812 http fetch GET 200 https://registry.npmjs.org/@ionic/utils-object/-/utils-object-2.1.5.tgz 373ms (cache miss)
813 http fetch GET 200 https://registry.npmjs.org/@ionic/utils-terminal/-/utils-terminal-2.3.5.tgz 367ms (cache miss)
814 http fetch GET 200 https://registry.npmjs.org/rimraf/-/rimraf-4.4.1.tgz 373ms (cache miss)
815 http fetch GET 200 https://registry.npmjs.org/@types/node/-/node-25.1.0.tgz 382ms (cache miss)
816 http fetch GET 200 https://registry.npmjs.org/commander/-/commander-9.5.0.tgz 374ms (cache miss)
817 http fetch GET 200 https://registry.npmjs.org/@ionic/utils-process/-/utils-process-2.1.10.tgz 396ms (cache miss)
818 http fetch GET 200 https://registry.npmjs.org/@ionic/utils-fs/-/utils-fs-3.1.7.tgz 396ms (cache miss)
819 http fetch GET 200 https://registry.npmjs.org/@ionic/cli-framework-output/-/cli-framework-output-2.2.8.tgz 397ms (cache miss)
820 http fetch GET 200 https://registry.npmjs.org/minipass/-/minipass-3.3.6.tgz 400ms (cache miss)
821 http fetch GET 200 https://registry.npmjs.org/minipass/-/minipass-5.0.0.tgz 402ms (cache miss)
822 http fetch GET 200 https://registry.npmjs.org/minipass/-/minipass-3.3.6.tgz 420ms (cache miss)
823 http fetch GET 200 https://registry.npmjs.org/env-paths/-/env-paths-2.2.1.tgz 420ms (cache miss)
824 http fetch GET 200 https://registry.npmjs.org/@ionic/utils-array/-/utils-array-2.1.5.tgz 424ms (cache miss)
825 http fetch GET 200 https://registry.npmjs.org/kleur/-/kleur-3.0.3.tgz 419ms (cache miss)
826 http fetch GET 200 https://registry.npmjs.org/minipass/-/minipass-7.1.2.tgz 503ms (cache miss)
827 http fetch GET 200 https://registry.npmjs.org/@ionic/utils-subprocess/-/utils-subprocess-2.1.11.tgz 527ms (cache miss)
828 http fetch GET 200 https://registry.npmjs.org/tar 438ms (cache miss)
829 silly packumentCache corgi:https://registry.npmjs.org/tar set size:undefined disposed:false
830 http fetch GET 200 https://registry.npmjs.org/@ionic/utils-terminal/-/utils-terminal-2.3.3.tgz 551ms (cache miss)
831 http fetch GET 200 https://registry.npmjs.org/@ionic/utils-stream/-/utils-stream-3.1.5.tgz 558ms (cache miss)
832 http fetch GET 200 https://registry.npmjs.org/@ionic/utils-terminal/-/utils-terminal-2.3.3.tgz 552ms (cache miss)
833 http fetch GET 200 https://registry.npmjs.org/@capacitor/cli/-/cli-6.2.1.tgz 554ms (cache miss)
834 http fetch GET 200 https://registry.npmjs.org/@ionic/utils-fs/-/utils-fs-3.1.6.tgz 554ms (cache miss)
835 silly packumentCache corgi:https://registry.npmjs.org/@capacitor%2fcli cache-miss
836 http fetch GET 200 https://registry.npmjs.org/@capacitor/core/-/core-6.2.1.tgz 560ms (cache miss)
837 http fetch GET 200 https://registry.npmjs.org/xmlbuilder/-/xmlbuilder-11.0.1.tgz 559ms (cache miss)
838 http fetch GET 200 https://registry.npmjs.org/native-run/-/native-run-2.0.3.tgz 617ms (cache miss)
839 http fetch GET 200 https://registry.npmjs.org/@capacitor%2fcli 256ms (cache miss)
840 silly packumentCache corgi:https://registry.npmjs.org/@capacitor%2fcli set size:undefined disposed:false
841 silly ADD node_modules/pend
842 silly ADD node_modules/fd-slicer
843 silly ADD node_modules/buffer-crc32
844 silly ADD node_modules/isexe
845 silly ADD node_modules/safe-buffer
846 silly ADD node_modules/util-deprecate
847 silly ADD node_modules/string_decoder
848 silly ADD node_modules/inherits
849 silly ADD node_modules/readable-stream
850 silly ADD node_modules/yallist
851 silly ADD node_modules/mkdirp
852 silly ADD node_modules/minizlib
853 silly ADD node_modules/minizlib/node_modules/minipass
854 silly ADD node_modules/fs-minipass
855 silly ADD node_modules/fs-minipass/node_modules/minipass
856 silly ADD node_modules/chownr
857 silly ADD node_modules/ansi-regex
858 silly ADD node_modules/emoji-regex
859 silly ADD node_modules/color-name
860 silly ADD node_modules/color-convert
861 silly ADD node_modules/is-fullwidth-code-point
862 silly ADD node_modules/astral-regex
863 silly ADD node_modules/ansi-styles
864 silly ADD node_modules/shebang-regex
865 silly ADD node_modules/lru-cache
866 silly ADD node_modules/balanced-match
867 silly ADD node_modules/brace-expansion
868 silly ADD node_modules/path-scurry
869 silly ADD node_modules/path-scurry/node_modules/minipass
870 silly ADD node_modules/minipass
871 silly ADD node_modules/minimatch
872 silly ADD node_modules/fs.realpath
873 silly ADD node_modules/glob
874 silly ADD node_modules/sisteransi
875 silly ADD node_modules/xmlbuilder
876 silly ADD node_modules/base64-js
877 silly ADD node_modules/@xmldom/xmldom
878 silly ADD node_modules/is-wsl
879 silly ADD node_modules/is-docker
880 silly ADD node_modules/define-lazy-prop
881 silly ADD node_modules/sax
882 silly ADD node_modules/big-integer
883 silly ADD node_modules/yauzl
884 silly ADD node_modules/through2
885 silly ADD node_modules/split2
886 silly ADD node_modules/ini
887 silly ADD node_modules/elementtree
888 silly ADD node_modules/bplist-parser
889 silly ADD node_modules/universalify
890 silly ADD node_modules/jsonfile
891 silly ADD node_modules/graceful-fs
892 silly ADD node_modules/at-least-node
893 silly ADD node_modules/ms
894 silly ADD node_modules/which
895 silly ADD node_modules/shebang-command
896 silly ADD node_modules/path-key
897 silly ADD node_modules/undici-types
898 silly ADD node_modules/@types/node
899 silly ADD node_modules/wrap-ansi
900 silly ADD node_modules/untildify
901 silly ADD node_modules/strip-ansi
902 silly ADD node_modules/string-width
903 silly ADD node_modules/slice-ansi
904 silly ADD node_modules/@types/slice-ansi
905 silly ADD node_modules/tree-kill
906 silly ADD node_modules/signal-exit
907 silly ADD node_modules/@ionic/utils-object
908 silly ADD node_modules/cross-spawn
909 silly ADD node_modules/@ionic/utils-stream
910 silly ADD node_modules/@ionic/utils-process
911 silly ADD node_modules/@ionic/utils-process/node_modules/@ionic/utils-terminal
912 silly ADD node_modules/@ionic/utils-array
913 silly ADD node_modules/fs-extra
914 silly ADD node_modules/@types/fs-extra
915 silly ADD node_modules/xml2js
916 silly ADD node_modules/xml2js/node_modules/xmlbuilder
917 silly ADD node_modules/tslib
918 silly ADD node_modules/tar
919 silly ADD node_modules/tar/node_modules/minipass
920 silly ADD node_modules/semver
921 silly ADD node_modules/rimraf
922 silly ADD node_modules/prompts
923 silly ADD node_modules/prompts/node_modules/kleur
924 silly ADD node_modules/plist
925 silly ADD node_modules/open
926 silly ADD node_modules/native-run
927 silly ADD node_modules/kleur
928 silly ADD node_modules/env-paths
929 silly ADD node_modules/debug
930 silly ADD node_modules/commander
931 silly ADD node_modules/@ionic/utils-terminal
932 silly ADD node_modules/@ionic/utils-subprocess
933 silly ADD node_modules/@ionic/utils-subprocess/node_modules/@ionic/utils-terminal
934 silly ADD node_modules/@ionic/utils-subprocess/node_modules/@ionic/utils-fs
935 silly ADD node_modules/@ionic/utils-fs
936 silly ADD node_modules/@ionic/cli-framework-output
937 silly ADD node_modules/@capacitor/core
938 silly ADD node_modules/@capacitor/cli
939 verbose cwd /Users/marcoidrovo/Desktop/debt-planner
940 verbose os Darwin 20.6.0
941 verbose node v22.14.0
942 verbose npm  v10.9.2
943 notice
943 notice New major version of npm available! 10.9.2 -> 11.8.0
943 notice Changelog: https://github.com/npm/cli/releases/tag/v11.8.0
943 notice To update run: npm install -g npm@11.8.0
943 notice  { force: true, [Symbol(proc-log.meta)]: true }
944 verbose exit 0
945 info ok
